{"C:\\Users\\user\\rabatrealestate-cov\\src\\agent\\handler.js": {"path":"C:\\Users\\user\\rabatrealestate-cov\\src\\agent\\handler.js","statementMap":{"0":{"start":{"line":10,"column":20},"end":{"line":10,"column":55}},"1":{"start":{"line":12,"column":18},"end":{"line":71,"column":1}},"2":{"start":{"line":73,"column":16},"end":{"line":89,"column":1}},"3":{"start":{"line":94,"column":16},"end":{"line":94,"column":34}},"4":{"start":{"line":95,"column":2},"end":{"line":95,"column":89}},"5":{"start":{"line":95,"column":61},"end":{"line":95,"column":89}},"6":{"start":{"line":96,"column":2},"end":{"line":96,"column":98}},"7":{"start":{"line":96,"column":69},"end":{"line":96,"column":98}},"8":{"start":{"line":97,"column":2},"end":{"line":97,"column":100}},"9":{"start":{"line":97,"column":71},"end":{"line":97,"column":100}},"10":{"start":{"line":98,"column":2},"end":{"line":98,"column":108}},"11":{"start":{"line":98,"column":80},"end":{"line":98,"column":108}},"12":{"start":{"line":99,"column":2},"end":{"line":99,"column":27}},"13":{"start":{"line":103,"column":15},"end":{"line":103,"column":60}},"14":{"start":{"line":104,"column":18},"end":{"line":108,"column":1}},"15":{"start":{"line":111,"column":16},"end":{"line":111,"column":34}},"16":{"start":{"line":113,"column":2},"end":{"line":119,"column":3}},"17":{"start":{"line":114,"column":4},"end":{"line":118,"column":5}},"18":{"start":{"line":115,"column":6},"end":{"line":117,"column":7}},"19":{"start":{"line":116,"column":8},"end":{"line":116,"column":44}},"20":{"start":{"line":121,"column":2},"end":{"line":125,"column":3}},"21":{"start":{"line":122,"column":4},"end":{"line":124,"column":5}},"22":{"start":{"line":123,"column":6},"end":{"line":123,"column":103}},"23":{"start":{"line":127,"column":2},"end":{"line":127,"column":41}},"24":{"start":{"line":131,"column":16},"end":{"line":131,"column":82}},"25":{"start":{"line":132,"column":2},"end":{"line":137,"column":3}},"26":{"start":{"line":133,"column":16},"end":{"line":133,"column":54}},"27":{"start":{"line":134,"column":4},"end":{"line":135,"column":44}},"28":{"start":{"line":134,"column":35},"end":{"line":134,"column":52}},"29":{"start":{"line":135,"column":9},"end":{"line":135,"column":44}},"30":{"start":{"line":135,"column":27},"end":{"line":135,"column":44}},"31":{"start":{"line":136,"column":4},"end":{"line":136,"column":17}},"32":{"start":{"line":138,"column":2},"end":{"line":138,"column":14}},"33":{"start":{"line":142,"column":16},"end":{"line":142,"column":34}},"34":{"start":{"line":143,"column":2},"end":{"line":143,"column":54}},"35":{"start":{"line":143,"column":33},"end":{"line":143,"column":54}},"36":{"start":{"line":144,"column":2},"end":{"line":144,"column":44}},"37":{"start":{"line":144,"column":28},"end":{"line":144,"column":44}},"38":{"start":{"line":145,"column":2},"end":{"line":145,"column":42}},"39":{"start":{"line":145,"column":27},"end":{"line":145,"column":42}},"40":{"start":{"line":146,"column":2},"end":{"line":146,"column":44}},"41":{"start":{"line":146,"column":28},"end":{"line":146,"column":44}},"42":{"start":{"line":147,"column":2},"end":{"line":147,"column":46}},"43":{"start":{"line":147,"column":29},"end":{"line":147,"column":46}},"44":{"start":{"line":148,"column":2},"end":{"line":148,"column":44}},"45":{"start":{"line":148,"column":28},"end":{"line":148,"column":44}},"46":{"start":{"line":149,"column":2},"end":{"line":149,"column":54}},"47":{"start":{"line":149,"column":36},"end":{"line":149,"column":54}},"48":{"start":{"line":150,"column":2},"end":{"line":150,"column":40}},"49":{"start":{"line":150,"column":26},"end":{"line":150,"column":40}},"50":{"start":{"line":151,"column":2},"end":{"line":151,"column":14}},"51":{"start":{"line":155,"column":16},"end":{"line":155,"column":34}},"52":{"start":{"line":156,"column":2},"end":{"line":156,"column":60}},"53":{"start":{"line":156,"column":42},"end":{"line":156,"column":60}},"54":{"start":{"line":157,"column":2},"end":{"line":157,"column":63}},"55":{"start":{"line":157,"column":48},"end":{"line":157,"column":63}},"56":{"start":{"line":158,"column":2},"end":{"line":158,"column":14}},"57":{"start":{"line":162,"column":16},"end":{"line":162,"column":43}},"58":{"start":{"line":163,"column":2},"end":{"line":163,"column":43}},"59":{"start":{"line":167,"column":16},"end":{"line":167,"column":67}},"60":{"start":{"line":168,"column":2},"end":{"line":168,"column":43}},"61":{"start":{"line":172,"column":16},"end":{"line":172,"column":100}},"62":{"start":{"line":173,"column":2},"end":{"line":173,"column":40}},"63":{"start":{"line":177,"column":16},"end":{"line":177,"column":92}},"64":{"start":{"line":178,"column":2},"end":{"line":178,"column":55}},"65":{"start":{"line":184,"column":17},"end":{"line":184,"column":38}},"66":{"start":{"line":185,"column":14},"end":{"line":185,"column":35}},"67":{"start":{"line":186,"column":17},"end":{"line":186,"column":36}},"68":{"start":{"line":187,"column":15},"end":{"line":187,"column":40}},"69":{"start":{"line":188,"column":22},"end":{"line":188,"column":46}},"70":{"start":{"line":189,"column":18},"end":{"line":189,"column":38}},"71":{"start":{"line":190,"column":16},"end":{"line":190,"column":34}},"72":{"start":{"line":192,"column":2},"end":{"line":192,"column":57}},"73":{"start":{"line":192,"column":20},"end":{"line":192,"column":57}},"74":{"start":{"line":193,"column":2},"end":{"line":193,"column":45}},"75":{"start":{"line":193,"column":12},"end":{"line":193,"column":45}},"76":{"start":{"line":194,"column":2},"end":{"line":194,"column":58}},"77":{"start":{"line":194,"column":19},"end":{"line":194,"column":58}},"78":{"start":{"line":195,"column":2},"end":{"line":195,"column":45}},"79":{"start":{"line":195,"column":14},"end":{"line":195,"column":45}},"80":{"start":{"line":196,"column":2},"end":{"line":196,"column":49}},"81":{"start":{"line":196,"column":15},"end":{"line":196,"column":49}},"82":{"start":{"line":197,"column":2},"end":{"line":197,"column":43}},"83":{"start":{"line":197,"column":13},"end":{"line":197,"column":43}},"84":{"start":{"line":198,"column":2},"end":{"line":198,"column":26}},"85":{"start":{"line":199,"column":2},"end":{"line":199,"column":31}},"86":{"start":{"line":201,"column":14},"end":{"line":201,"column":64}},"87":{"start":{"line":202,"column":14},"end":{"line":202,"column":30}},"88":{"start":{"line":203,"column":15},"end":{"line":203,"column":31}},"89":{"start":{"line":205,"column":17},"end":{"line":205,"column":32}},"90":{"start":{"line":206,"column":16},"end":{"line":206,"column":51}},"91":{"start":{"line":208,"column":21},"end":{"line":208,"column":257}},"92":{"start":{"line":209,"column":2},"end":{"line":209,"column":56}},"93":{"start":{"line":211,"column":2},"end":{"line":219,"column":3}},"94":{"start":{"line":212,"column":4},"end":{"line":212,"column":48}},"95":{"start":{"line":213,"column":4},"end":{"line":213,"column":68}},"96":{"start":{"line":214,"column":4},"end":{"line":214,"column":64}},"97":{"start":{"line":215,"column":4},"end":{"line":215,"column":58}},"98":{"start":{"line":216,"column":4},"end":{"line":216,"column":59}},"99":{"start":{"line":217,"column":4},"end":{"line":217,"column":70}},"100":{"start":{"line":218,"column":4},"end":{"line":218,"column":44}},"101":{"start":{"line":221,"column":2},"end":{"line":223,"column":3}},"102":{"start":{"line":222,"column":4},"end":{"line":222,"column":141}},"103":{"start":{"line":225,"column":2},"end":{"line":225,"column":22}},"104":{"start":{"line":229,"column":14},"end":{"line":229,"column":35}},"105":{"start":{"line":230,"column":15},"end":{"line":230,"column":57}},"106":{"start":{"line":231,"column":18},"end":{"line":231,"column":38}},"107":{"start":{"line":232,"column":22},"end":{"line":232,"column":57}},"108":{"start":{"line":234,"column":2},"end":{"line":236,"column":3}},"109":{"start":{"line":235,"column":4},"end":{"line":235,"column":114}},"110":{"start":{"line":237,"column":2},"end":{"line":239,"column":3}},"111":{"start":{"line":238,"column":4},"end":{"line":238,"column":93}},"112":{"start":{"line":241,"column":17},"end":{"line":241,"column":38}},"113":{"start":{"line":242,"column":2},"end":{"line":242,"column":48}},"114":{"start":{"line":243,"column":2},"end":{"line":243,"column":39}},"115":{"start":{"line":244,"column":2},"end":{"line":244,"column":41}},"116":{"start":{"line":245,"column":2},"end":{"line":245,"column":48}},"117":{"start":{"line":245,"column":17},"end":{"line":245,"column":48}},"118":{"start":{"line":247,"column":14},"end":{"line":247,"column":71}},"119":{"start":{"line":248,"column":14},"end":{"line":248,"column":30}},"120":{"start":{"line":249,"column":15},"end":{"line":249,"column":31}},"121":{"start":{"line":251,"column":21},"end":{"line":251,"column":115}},"122":{"start":{"line":253,"column":2},"end":{"line":296,"column":3}},"123":{"start":{"line":254,"column":4},"end":{"line":254,"column":101}},"124":{"start":{"line":255,"column":4},"end":{"line":255,"column":61}},"125":{"start":{"line":256,"column":4},"end":{"line":256,"column":36}},"126":{"start":{"line":257,"column":4},"end":{"line":257,"column":94}},"127":{"start":{"line":258,"column":4},"end":{"line":258,"column":96}},"128":{"start":{"line":259,"column":4},"end":{"line":259,"column":94}},"129":{"start":{"line":260,"column":4},"end":{"line":260,"column":64}},"130":{"start":{"line":261,"column":4},"end":{"line":263,"column":5}},"131":{"start":{"line":262,"column":6},"end":{"line":262,"column":78}},"132":{"start":{"line":265,"column":4},"end":{"line":265,"column":98}},"133":{"start":{"line":266,"column":26},"end":{"line":266,"column":47}},"134":{"start":{"line":267,"column":4},"end":{"line":267,"column":48}},"135":{"start":{"line":268,"column":4},"end":{"line":268,"column":54}},"136":{"start":{"line":268,"column":14},"end":{"line":268,"column":54}},"137":{"start":{"line":269,"column":4},"end":{"line":269,"column":40}},"138":{"start":{"line":271,"column":23},"end":{"line":271,"column":93}},"139":{"start":{"line":272,"column":24},"end":{"line":272,"column":47}},"140":{"start":{"line":273,"column":18},"end":{"line":273,"column":40}},"141":{"start":{"line":275,"column":4},"end":{"line":295,"column":5}},"142":{"start":{"line":276,"column":25},"end":{"line":276,"column":72}},"143":{"start":{"line":276,"column":43},"end":{"line":276,"column":71}},"144":{"start":{"line":277,"column":6},"end":{"line":292,"column":7}},"145":{"start":{"line":278,"column":28},"end":{"line":278,"column":68}},"146":{"start":{"line":278,"column":48},"end":{"line":278,"column":67}},"147":{"start":{"line":279,"column":26},"end":{"line":279,"column":85}},"148":{"start":{"line":279,"column":55},"end":{"line":279,"column":60}},"149":{"start":{"line":280,"column":24},"end":{"line":280,"column":65}},"150":{"start":{"line":280,"column":56},"end":{"line":280,"column":63}},"151":{"start":{"line":281,"column":24},"end":{"line":281,"column":65}},"152":{"start":{"line":281,"column":56},"end":{"line":281,"column":63}},"153":{"start":{"line":283,"column":8},"end":{"line":283,"column":70}},"154":{"start":{"line":284,"column":8},"end":{"line":284,"column":95}},"155":{"start":{"line":285,"column":8},"end":{"line":285,"column":70}},"156":{"start":{"line":286,"column":8},"end":{"line":286,"column":70}},"157":{"start":{"line":287,"column":8},"end":{"line":289,"column":9}},"158":{"start":{"line":288,"column":10},"end":{"line":288,"column":117}},"159":{"start":{"line":291,"column":8},"end":{"line":291,"column":69}},"160":{"start":{"line":294,"column":6},"end":{"line":294,"column":66}},"161":{"start":{"line":298,"column":2},"end":{"line":298,"column":22}},"162":{"start":{"line":302,"column":14},"end":{"line":302,"column":35}},"163":{"start":{"line":304,"column":21},"end":{"line":304,"column":132}},"164":{"start":{"line":306,"column":2},"end":{"line":328,"column":3}},"165":{"start":{"line":307,"column":19},"end":{"line":307,"column":40}},"166":{"start":{"line":308,"column":4},"end":{"line":308,"column":33}},"167":{"start":{"line":309,"column":4},"end":{"line":309,"column":31}},"168":{"start":{"line":310,"column":16},"end":{"line":310,"column":84}},"169":{"start":{"line":311,"column":17},"end":{"line":311,"column":33}},"170":{"start":{"line":312,"column":19},"end":{"line":312,"column":34}},"171":{"start":{"line":314,"column":4},"end":{"line":325,"column":5}},"172":{"start":{"line":315,"column":6},"end":{"line":315,"column":57}},"173":{"start":{"line":316,"column":6},"end":{"line":323,"column":7}},"174":{"start":{"line":317,"column":20},"end":{"line":317,"column":104}},"175":{"start":{"line":318,"column":8},"end":{"line":318,"column":134}},"176":{"start":{"line":319,"column":8},"end":{"line":321,"column":9}},"177":{"start":{"line":320,"column":10},"end":{"line":320,"column":82}},"178":{"start":{"line":322,"column":8},"end":{"line":322,"column":29}},"179":{"start":{"line":324,"column":6},"end":{"line":324,"column":27}},"180":{"start":{"line":331,"column":24},"end":{"line":331,"column":45}},"181":{"start":{"line":332,"column":2},"end":{"line":332,"column":64}},"182":{"start":{"line":332,"column":20},"end":{"line":332,"column":64}},"183":{"start":{"line":333,"column":2},"end":{"line":333,"column":38}},"184":{"start":{"line":335,"column":21},"end":{"line":335,"column":91}},"185":{"start":{"line":336,"column":22},"end":{"line":336,"column":45}},"186":{"start":{"line":337,"column":16},"end":{"line":337,"column":38}},"187":{"start":{"line":339,"column":2},"end":{"line":356,"column":3}},"188":{"start":{"line":340,"column":19},"end":{"line":340,"column":71}},"189":{"start":{"line":340,"column":37},"end":{"line":340,"column":70}},"190":{"start":{"line":341,"column":22},"end":{"line":341,"column":77}},"191":{"start":{"line":341,"column":40},"end":{"line":341,"column":76}},"192":{"start":{"line":343,"column":4},"end":{"line":343,"column":75}},"193":{"start":{"line":344,"column":4},"end":{"line":351,"column":5}},"194":{"start":{"line":345,"column":23},"end":{"line":345,"column":78}},"195":{"start":{"line":345,"column":47},"end":{"line":345,"column":58}},"196":{"start":{"line":346,"column":23},"end":{"line":346,"column":65}},"197":{"start":{"line":346,"column":39},"end":{"line":346,"column":48}},"198":{"start":{"line":347,"column":22},"end":{"line":347,"column":101}},"199":{"start":{"line":347,"column":70},"end":{"line":347,"column":75}},"200":{"start":{"line":348,"column":6},"end":{"line":348,"column":99}},"201":{"start":{"line":349,"column":6},"end":{"line":349,"column":83}},"202":{"start":{"line":349,"column":23},"end":{"line":349,"column":83}},"203":{"start":{"line":350,"column":6},"end":{"line":350,"column":56}},"204":{"start":{"line":352,"column":4},"end":{"line":355,"column":5}},"205":{"start":{"line":353,"column":21},"end":{"line":353,"column":82}},"206":{"start":{"line":353,"column":48},"end":{"line":353,"column":59}},"207":{"start":{"line":354,"column":6},"end":{"line":354,"column":140}},"208":{"start":{"line":358,"column":2},"end":{"line":360,"column":3}},"209":{"start":{"line":359,"column":4},"end":{"line":359,"column":161}},"210":{"start":{"line":362,"column":2},"end":{"line":362,"column":22}},"211":{"start":{"line":366,"column":14},"end":{"line":366,"column":35}},"212":{"start":{"line":367,"column":15},"end":{"line":367,"column":52}},"213":{"start":{"line":368,"column":16},"end":{"line":368,"column":50}},"214":{"start":{"line":370,"column":15},"end":{"line":375,"column":3}},"215":{"start":{"line":377,"column":14},"end":{"line":381,"column":4}},"216":{"start":{"line":383,"column":21},"end":{"line":383,"column":57}},"217":{"start":{"line":385,"column":2},"end":{"line":393,"column":3}},"218":{"start":{"line":386,"column":17},"end":{"line":386,"column":33}},"219":{"start":{"line":387,"column":4},"end":{"line":387,"column":84}},"220":{"start":{"line":388,"column":4},"end":{"line":388,"column":81}},"221":{"start":{"line":389,"column":4},"end":{"line":389,"column":93}},"222":{"start":{"line":389,"column":35},"end":{"line":389,"column":93}},"223":{"start":{"line":390,"column":4},"end":{"line":390,"column":67}},"224":{"start":{"line":392,"column":4},"end":{"line":392,"column":156}},"225":{"start":{"line":395,"column":2},"end":{"line":395,"column":22}},"226":{"start":{"line":399,"column":2},"end":{"line":399,"column":240}},"227":{"start":{"line":405,"column":22},"end":{"line":405,"column":66}},"228":{"start":{"line":406,"column":16},"end":{"line":406,"column":40}},"229":{"start":{"line":410,"column":2},"end":{"line":432,"column":3}},"230":{"start":{"line":411,"column":4},"end":{"line":429,"column":5}},"231":{"start":{"line":413,"column":8},"end":{"line":413,"column":63}},"232":{"start":{"line":414,"column":8},"end":{"line":414,"column":14}},"233":{"start":{"line":416,"column":8},"end":{"line":416,"column":66}},"234":{"start":{"line":417,"column":8},"end":{"line":417,"column":14}},"235":{"start":{"line":419,"column":8},"end":{"line":419,"column":65}},"236":{"start":{"line":420,"column":8},"end":{"line":420,"column":14}},"237":{"start":{"line":422,"column":8},"end":{"line":422,"column":67}},"238":{"start":{"line":423,"column":8},"end":{"line":423,"column":14}},"239":{"start":{"line":425,"column":8},"end":{"line":425,"column":67}},"240":{"start":{"line":426,"column":8},"end":{"line":426,"column":14}},"241":{"start":{"line":428,"column":8},"end":{"line":428,"column":221}},"242":{"start":{"line":431,"column":4},"end":{"line":431,"column":110}},"243":{"start":{"line":434,"column":2},"end":{"line":444,"column":4}},"244":{"start":{"line":450,"column":14},"end":{"line":450,"column":34}},"245":{"start":{"line":452,"column":18},"end":{"line":457,"column":3}},"246":{"start":{"line":459,"column":2},"end":{"line":461,"column":3}},"247":{"start":{"line":460,"column":4},"end":{"line":460,"column":56}},"248":{"start":{"line":463,"column":2},"end":{"line":465,"column":3}},"249":{"start":{"line":464,"column":4},"end":{"line":464,"column":73}},"250":{"start":{"line":467,"column":2},"end":{"line":469,"column":3}},"251":{"start":{"line":468,"column":4},"end":{"line":468,"column":71}},"252":{"start":{"line":471,"column":2},"end":{"line":517,"column":3}},"253":{"start":{"line":472,"column":4},"end":{"line":516,"column":7}},"254":{"start":{"line":473,"column":6},"end":{"line":481,"column":7}},"255":{"start":{"line":474,"column":8},"end":{"line":480,"column":11}},"256":{"start":{"line":475,"column":10},"end":{"line":479,"column":36}},"257":{"start":{"line":483,"column":6},"end":{"line":492,"column":7}},"258":{"start":{"line":484,"column":8},"end":{"line":491,"column":34}},"259":{"start":{"line":494,"column":6},"end":{"line":503,"column":7}},"260":{"start":{"line":495,"column":8},"end":{"line":502,"column":34}},"261":{"start":{"line":505,"column":6},"end":{"line":509,"column":36}},"262":{"start":{"line":511,"column":6},"end":{"line":515,"column":36}},"263":{"start":{"line":519,"column":2},"end":{"line":519,"column":52}}},"fnMap":{"0":{"name":"detectSkill","decl":{"start":{"line":93,"column":9},"end":{"line":93,"column":20}},"loc":{"start":{"line":93,"column":27},"end":{"line":100,"column":1}},"line":93},"1":{"name":"extractLocation","decl":{"start":{"line":110,"column":9},"end":{"line":110,"column":24}},"loc":{"start":{"line":110,"column":31},"end":{"line":128,"column":1}},"line":110},"2":{"name":"extractBudget","decl":{"start":{"line":130,"column":9},"end":{"line":130,"column":22}},"loc":{"start":{"line":130,"column":29},"end":{"line":139,"column":1}},"line":130},"3":{"name":"extractPropertyType","decl":{"start":{"line":141,"column":9},"end":{"line":141,"column":28}},"loc":{"start":{"line":141,"column":35},"end":{"line":152,"column":1}},"line":141},"4":{"name":"extractTransaction","decl":{"start":{"line":154,"column":9},"end":{"line":154,"column":27}},"loc":{"start":{"line":154,"column":34},"end":{"line":159,"column":1}},"line":154},"5":{"name":"extractSurface","decl":{"start":{"line":161,"column":9},"end":{"line":161,"column":23}},"loc":{"start":{"line":161,"column":30},"end":{"line":164,"column":1}},"line":161},"6":{"name":"extractRooms","decl":{"start":{"line":166,"column":9},"end":{"line":166,"column":21}},"loc":{"start":{"line":166,"column":28},"end":{"line":169,"column":1}},"line":166},"7":{"name":"extractName","decl":{"start":{"line":171,"column":9},"end":{"line":171,"column":20}},"loc":{"start":{"line":171,"column":27},"end":{"line":174,"column":1}},"line":171},"8":{"name":"extractPhone","decl":{"start":{"line":176,"column":9},"end":{"line":176,"column":21}},"loc":{"start":{"line":176,"column":28},"end":{"line":179,"column":1}},"line":176},"9":{"name":"handlePropertySearch","decl":{"start":{"line":183,"column":15},"end":{"line":183,"column":35}},"loc":{"start":{"line":183,"column":42},"end":{"line":226,"column":1}},"line":183},"10":{"name":"handlePropertyValuation","decl":{"start":{"line":228,"column":15},"end":{"line":228,"column":38}},"loc":{"start":{"line":228,"column":45},"end":{"line":299,"column":1}},"line":228},"11":{"name":"(anonymous_11)","decl":{"start":{"line":276,"column":38},"end":{"line":276,"column":39}},"loc":{"start":{"line":276,"column":43},"end":{"line":276,"column":71}},"line":276},"12":{"name":"(anonymous_12)","decl":{"start":{"line":278,"column":43},"end":{"line":278,"column":44}},"loc":{"start":{"line":278,"column":48},"end":{"line":278,"column":67}},"line":278},"13":{"name":"(anonymous_13)","decl":{"start":{"line":279,"column":45},"end":{"line":279,"column":46}},"loc":{"start":{"line":279,"column":55},"end":{"line":279,"column":60}},"line":279},"14":{"name":"(anonymous_14)","decl":{"start":{"line":280,"column":51},"end":{"line":280,"column":52}},"loc":{"start":{"line":280,"column":56},"end":{"line":280,"column":63}},"line":280},"15":{"name":"(anonymous_15)","decl":{"start":{"line":281,"column":51},"end":{"line":281,"column":52}},"loc":{"start":{"line":281,"column":56},"end":{"line":281,"column":63}},"line":281},"16":{"name":"handleRealEstateAdvice","decl":{"start":{"line":301,"column":15},"end":{"line":301,"column":37}},"loc":{"start":{"line":301,"column":44},"end":{"line":363,"column":1}},"line":301},"17":{"name":"(anonymous_17)","decl":{"start":{"line":340,"column":32},"end":{"line":340,"column":33}},"loc":{"start":{"line":340,"column":37},"end":{"line":340,"column":70}},"line":340},"18":{"name":"(anonymous_18)","decl":{"start":{"line":341,"column":35},"end":{"line":341,"column":36}},"loc":{"start":{"line":341,"column":40},"end":{"line":341,"column":76}},"line":341},"19":{"name":"(anonymous_19)","decl":{"start":{"line":345,"column":37},"end":{"line":345,"column":38}},"loc":{"start":{"line":345,"column":47},"end":{"line":345,"column":58}},"line":345},"20":{"name":"(anonymous_20)","decl":{"start":{"line":346,"column":34},"end":{"line":346,"column":35}},"loc":{"start":{"line":346,"column":39},"end":{"line":346,"column":48}},"line":346},"21":{"name":"(anonymous_21)","decl":{"start":{"line":347,"column":60},"end":{"line":347,"column":61}},"loc":{"start":{"line":347,"column":70},"end":{"line":347,"column":75}},"line":347},"22":{"name":"(anonymous_22)","decl":{"start":{"line":353,"column":38},"end":{"line":353,"column":39}},"loc":{"start":{"line":353,"column":48},"end":{"line":353,"column":59}},"line":353},"23":{"name":"handleAppointmentBooking","decl":{"start":{"line":365,"column":15},"end":{"line":365,"column":39}},"loc":{"start":{"line":365,"column":46},"end":{"line":396,"column":1}},"line":365},"24":{"name":"handleDocumentGeneration","decl":{"start":{"line":398,"column":15},"end":{"line":398,"column":39}},"loc":{"start":{"line":398,"column":46},"end":{"line":400,"column":1}},"line":398},"25":{"name":"handleTaskSend","decl":{"start":{"line":404,"column":15},"end":{"line":404,"column":29}},"loc":{"start":{"line":404,"column":36},"end":{"line":445,"column":1}},"line":404},"26":{"name":"handleA2ARequest","decl":{"start":{"line":449,"column":16},"end":{"line":449,"column":32}},"loc":{"start":{"line":449,"column":42},"end":{"line":520,"column":1}},"line":449},"27":{"name":"(anonymous_27)","decl":{"start":{"line":472,"column":31},"end":{"line":472,"column":32}},"loc":{"start":{"line":472,"column":41},"end":{"line":510,"column":5}},"line":472},"28":{"name":"(anonymous_28)","decl":{"start":{"line":474,"column":41},"end":{"line":474,"column":42}},"loc":{"start":{"line":474,"column":53},"end":{"line":480,"column":9}},"line":474},"29":{"name":"(anonymous_29)","decl":{"start":{"line":510,"column":13},"end":{"line":510,"column":14}},"loc":{"start":{"line":510,"column":19},"end":{"line":516,"column":5}},"line":510}},"branchMap":{"0":{"loc":{"start":{"line":95,"column":2},"end":{"line":95,"column":89}},"type":"if","locations":[{"start":{"line":95,"column":2},"end":{"line":95,"column":89}},{"start":{},"end":{}}],"line":95},"1":{"loc":{"start":{"line":96,"column":2},"end":{"line":96,"column":98}},"type":"if","locations":[{"start":{"line":96,"column":2},"end":{"line":96,"column":98}},{"start":{},"end":{}}],"line":96},"2":{"loc":{"start":{"line":97,"column":2},"end":{"line":97,"column":100}},"type":"if","locations":[{"start":{"line":97,"column":2},"end":{"line":97,"column":100}},{"start":{},"end":{}}],"line":97},"3":{"loc":{"start":{"line":98,"column":2},"end":{"line":98,"column":108}},"type":"if","locations":[{"start":{"line":98,"column":2},"end":{"line":98,"column":108}},{"start":{},"end":{}}],"line":98},"4":{"loc":{"start":{"line":115,"column":6},"end":{"line":117,"column":7}},"type":"if","locations":[{"start":{"line":115,"column":6},"end":{"line":117,"column":7}},{"start":{},"end":{}}],"line":115},"5":{"loc":{"start":{"line":122,"column":4},"end":{"line":124,"column":5}},"type":"if","locations":[{"start":{"line":122,"column":4},"end":{"line":124,"column":5}},{"start":{},"end":{}}],"line":122},"6":{"loc":{"start":{"line":123,"column":38},"end":{"line":123,"column":100}},"type":"cond-expr","locations":[{"start":{"line":123,"column":56},"end":{"line":123,"column":62}},{"start":{"line":123,"column":65},"end":{"line":123,"column":100}}],"line":123},"7":{"loc":{"start":{"line":123,"column":65},"end":{"line":123,"column":100}},"type":"cond-expr","locations":[{"start":{"line":123,"column":85},"end":{"line":123,"column":93}},{"start":{"line":123,"column":96},"end":{"line":123,"column":100}}],"line":123},"8":{"loc":{"start":{"line":132,"column":2},"end":{"line":137,"column":3}},"type":"if","locations":[{"start":{"line":132,"column":2},"end":{"line":137,"column":3}},{"start":{},"end":{}}],"line":132},"9":{"loc":{"start":{"line":134,"column":4},"end":{"line":135,"column":44}},"type":"if","locations":[{"start":{"line":134,"column":4},"end":{"line":135,"column":44}},{"start":{"line":135,"column":9},"end":{"line":135,"column":44}}],"line":134},"10":{"loc":{"start":{"line":135,"column":9},"end":{"line":135,"column":44}},"type":"if","locations":[{"start":{"line":135,"column":9},"end":{"line":135,"column":44}},{"start":{},"end":{}}],"line":135},"11":{"loc":{"start":{"line":143,"column":2},"end":{"line":143,"column":54}},"type":"if","locations":[{"start":{"line":143,"column":2},"end":{"line":143,"column":54}},{"start":{},"end":{}}],"line":143},"12":{"loc":{"start":{"line":144,"column":2},"end":{"line":144,"column":44}},"type":"if","locations":[{"start":{"line":144,"column":2},"end":{"line":144,"column":44}},{"start":{},"end":{}}],"line":144},"13":{"loc":{"start":{"line":145,"column":2},"end":{"line":145,"column":42}},"type":"if","locations":[{"start":{"line":145,"column":2},"end":{"line":145,"column":42}},{"start":{},"end":{}}],"line":145},"14":{"loc":{"start":{"line":146,"column":2},"end":{"line":146,"column":44}},"type":"if","locations":[{"start":{"line":146,"column":2},"end":{"line":146,"column":44}},{"start":{},"end":{}}],"line":146},"15":{"loc":{"start":{"line":147,"column":2},"end":{"line":147,"column":46}},"type":"if","locations":[{"start":{"line":147,"column":2},"end":{"line":147,"column":46}},{"start":{},"end":{}}],"line":147},"16":{"loc":{"start":{"line":148,"column":2},"end":{"line":148,"column":44}},"type":"if","locations":[{"start":{"line":148,"column":2},"end":{"line":148,"column":44}},{"start":{},"end":{}}],"line":148},"17":{"loc":{"start":{"line":149,"column":2},"end":{"line":149,"column":54}},"type":"if","locations":[{"start":{"line":149,"column":2},"end":{"line":149,"column":54}},{"start":{},"end":{}}],"line":149},"18":{"loc":{"start":{"line":150,"column":2},"end":{"line":150,"column":40}},"type":"if","locations":[{"start":{"line":150,"column":2},"end":{"line":150,"column":40}},{"start":{},"end":{}}],"line":150},"19":{"loc":{"start":{"line":156,"column":2},"end":{"line":156,"column":60}},"type":"if","locations":[{"start":{"line":156,"column":2},"end":{"line":156,"column":60}},{"start":{},"end":{}}],"line":156},"20":{"loc":{"start":{"line":157,"column":2},"end":{"line":157,"column":63}},"type":"if","locations":[{"start":{"line":157,"column":2},"end":{"line":157,"column":63}},{"start":{},"end":{}}],"line":157},"21":{"loc":{"start":{"line":163,"column":9},"end":{"line":163,"column":42}},"type":"cond-expr","locations":[{"start":{"line":163,"column":17},"end":{"line":163,"column":35}},{"start":{"line":163,"column":38},"end":{"line":163,"column":42}}],"line":163},"22":{"loc":{"start":{"line":168,"column":9},"end":{"line":168,"column":42}},"type":"cond-expr","locations":[{"start":{"line":168,"column":17},"end":{"line":168,"column":35}},{"start":{"line":168,"column":38},"end":{"line":168,"column":42}}],"line":168},"23":{"loc":{"start":{"line":173,"column":9},"end":{"line":173,"column":39}},"type":"cond-expr","locations":[{"start":{"line":173,"column":17},"end":{"line":173,"column":32}},{"start":{"line":173,"column":35},"end":{"line":173,"column":39}}],"line":173},"24":{"loc":{"start":{"line":178,"column":9},"end":{"line":178,"column":54}},"type":"cond-expr","locations":[{"start":{"line":178,"column":17},"end":{"line":178,"column":47}},{"start":{"line":178,"column":50},"end":{"line":178,"column":54}}],"line":178},"25":{"loc":{"start":{"line":192,"column":2},"end":{"line":192,"column":57}},"type":"if","locations":[{"start":{"line":192,"column":2},"end":{"line":192,"column":57}},{"start":{},"end":{}}],"line":192},"26":{"loc":{"start":{"line":193,"column":2},"end":{"line":193,"column":45}},"type":"if","locations":[{"start":{"line":193,"column":2},"end":{"line":193,"column":45}},{"start":{},"end":{}}],"line":193},"27":{"loc":{"start":{"line":194,"column":2},"end":{"line":194,"column":58}},"type":"if","locations":[{"start":{"line":194,"column":2},"end":{"line":194,"column":58}},{"start":{},"end":{}}],"line":194},"28":{"loc":{"start":{"line":195,"column":2},"end":{"line":195,"column":45}},"type":"if","locations":[{"start":{"line":195,"column":2},"end":{"line":195,"column":45}},{"start":{},"end":{}}],"line":195},"29":{"loc":{"start":{"line":196,"column":2},"end":{"line":196,"column":49}},"type":"if","locations":[{"start":{"line":196,"column":2},"end":{"line":196,"column":49}},{"start":{},"end":{}}],"line":196},"30":{"loc":{"start":{"line":197,"column":2},"end":{"line":197,"column":43}},"type":"if","locations":[{"start":{"line":197,"column":2},"end":{"line":197,"column":43}},{"start":{},"end":{}}],"line":197},"31":{"loc":{"start":{"line":205,"column":17},"end":{"line":205,"column":32}},"type":"binary-expr","locations":[{"start":{"line":205,"column":17},"end":{"line":205,"column":26}},{"start":{"line":205,"column":30},"end":{"line":205,"column":32}}],"line":205},"32":{"loc":{"start":{"line":206,"column":16},"end":{"line":206,"column":51}},"type":"binary-expr","locations":[{"start":{"line":206,"column":16},"end":{"line":206,"column":32}},{"start":{"line":206,"column":36},"end":{"line":206,"column":51}}],"line":206},"33":{"loc":{"start":{"line":208,"column":43},"end":{"line":208,"column":117}},"type":"cond-expr","locations":[{"start":{"line":208,"column":58},"end":{"line":208,"column":79}},{"start":{"line":208,"column":82},"end":{"line":208,"column":117}}],"line":208},"34":{"loc":{"start":{"line":208,"column":82},"end":{"line":208,"column":117}},"type":"cond-expr","locations":[{"start":{"line":208,"column":94},"end":{"line":208,"column":112}},{"start":{"line":208,"column":115},"end":{"line":208,"column":117}}],"line":208},"35":{"loc":{"start":{"line":208,"column":120},"end":{"line":208,"column":145}},"type":"cond-expr","locations":[{"start":{"line":208,"column":127},"end":{"line":208,"column":140}},{"start":{"line":208,"column":143},"end":{"line":208,"column":145}}],"line":208},"36":{"loc":{"start":{"line":208,"column":148},"end":{"line":208,"column":186}},"type":"cond-expr","locations":[{"start":{"line":208,"column":162},"end":{"line":208,"column":181}},{"start":{"line":208,"column":184},"end":{"line":208,"column":186}}],"line":208},"37":{"loc":{"start":{"line":208,"column":189},"end":{"line":208,"column":251}},"type":"cond-expr","locations":[{"start":{"line":208,"column":198},"end":{"line":208,"column":246}},{"start":{"line":208,"column":249},"end":{"line":208,"column":251}}],"line":208},"38":{"loc":{"start":{"line":214,"column":35},"end":{"line":214,"column":56}},"type":"binary-expr","locations":[{"start":{"line":214,"column":35},"end":{"line":214,"column":47}},{"start":{"line":214,"column":51},"end":{"line":214,"column":56}}],"line":214},"39":{"loc":{"start":{"line":215,"column":34},"end":{"line":215,"column":53}},"type":"binary-expr","locations":[{"start":{"line":215,"column":34},"end":{"line":215,"column":44}},{"start":{"line":215,"column":48},"end":{"line":215,"column":53}}],"line":215},"40":{"loc":{"start":{"line":216,"column":36},"end":{"line":216,"column":54}},"type":"binary-expr","locations":[{"start":{"line":216,"column":36},"end":{"line":216,"column":45}},{"start":{"line":216,"column":49},"end":{"line":216,"column":54}}],"line":216},"41":{"loc":{"start":{"line":221,"column":2},"end":{"line":223,"column":3}},"type":"if","locations":[{"start":{"line":221,"column":2},"end":{"line":223,"column":3}},{"start":{},"end":{}}],"line":221},"42":{"loc":{"start":{"line":230,"column":15},"end":{"line":230,"column":57}},"type":"binary-expr","locations":[{"start":{"line":230,"column":15},"end":{"line":230,"column":40}},{"start":{"line":230,"column":44},"end":{"line":230,"column":57}}],"line":230},"43":{"loc":{"start":{"line":232,"column":22},"end":{"line":232,"column":57}},"type":"binary-expr","locations":[{"start":{"line":232,"column":22},"end":{"line":232,"column":46}},{"start":{"line":232,"column":50},"end":{"line":232,"column":57}}],"line":232},"44":{"loc":{"start":{"line":234,"column":2},"end":{"line":236,"column":3}},"type":"if","locations":[{"start":{"line":234,"column":2},"end":{"line":236,"column":3}},{"start":{},"end":{}}],"line":234},"45":{"loc":{"start":{"line":237,"column":2},"end":{"line":239,"column":3}},"type":"if","locations":[{"start":{"line":237,"column":2},"end":{"line":239,"column":3}},{"start":{},"end":{}}],"line":237},"46":{"loc":{"start":{"line":245,"column":2},"end":{"line":245,"column":48}},"type":"if","locations":[{"start":{"line":245,"column":2},"end":{"line":245,"column":48}},{"start":{},"end":{}}],"line":245},"47":{"loc":{"start":{"line":251,"column":75},"end":{"line":251,"column":109}},"type":"cond-expr","locations":[{"start":{"line":251,"column":87},"end":{"line":251,"column":104}},{"start":{"line":251,"column":107},"end":{"line":251,"column":109}}],"line":251},"48":{"loc":{"start":{"line":253,"column":2},"end":{"line":296,"column":3}},"type":"if","locations":[{"start":{"line":253,"column":2},"end":{"line":296,"column":3}},{"start":{"line":264,"column":9},"end":{"line":296,"column":3}}],"line":253},"49":{"loc":{"start":{"line":254,"column":48},"end":{"line":254,"column":71}},"type":"binary-expr","locations":[{"start":{"line":254,"column":48},"end":{"line":254,"column":66}},{"start":{"line":254,"column":70},"end":{"line":254,"column":71}}],"line":254},"50":{"loc":{"start":{"line":257,"column":41},"end":{"line":257,"column":67}},"type":"binary-expr","locations":[{"start":{"line":257,"column":41},"end":{"line":257,"column":62}},{"start":{"line":257,"column":66},"end":{"line":257,"column":67}}],"line":257},"51":{"loc":{"start":{"line":258,"column":41},"end":{"line":258,"column":69}},"type":"binary-expr","locations":[{"start":{"line":258,"column":41},"end":{"line":258,"column":64}},{"start":{"line":258,"column":68},"end":{"line":258,"column":69}}],"line":258},"52":{"loc":{"start":{"line":259,"column":41},"end":{"line":259,"column":67}},"type":"binary-expr","locations":[{"start":{"line":259,"column":41},"end":{"line":259,"column":62}},{"start":{"line":259,"column":66},"end":{"line":259,"column":67}}],"line":259},"53":{"loc":{"start":{"line":261,"column":4},"end":{"line":263,"column":5}},"type":"if","locations":[{"start":{"line":261,"column":4},"end":{"line":263,"column":5}},{"start":{},"end":{}}],"line":261},"54":{"loc":{"start":{"line":268,"column":4},"end":{"line":268,"column":54}},"type":"if","locations":[{"start":{"line":268,"column":4},"end":{"line":268,"column":54}},{"start":{},"end":{}}],"line":268},"55":{"loc":{"start":{"line":273,"column":18},"end":{"line":273,"column":40}},"type":"binary-expr","locations":[{"start":{"line":273,"column":18},"end":{"line":273,"column":34}},{"start":{"line":273,"column":38},"end":{"line":273,"column":40}}],"line":273},"56":{"loc":{"start":{"line":275,"column":4},"end":{"line":295,"column":5}},"type":"if","locations":[{"start":{"line":275,"column":4},"end":{"line":295,"column":5}},{"start":{"line":293,"column":11},"end":{"line":295,"column":5}}],"line":275},"57":{"loc":{"start":{"line":276,"column":43},"end":{"line":276,"column":71}},"type":"binary-expr","locations":[{"start":{"line":276,"column":43},"end":{"line":276,"column":54}},{"start":{"line":276,"column":58},"end":{"line":276,"column":71}}],"line":276},"58":{"loc":{"start":{"line":277,"column":6},"end":{"line":292,"column":7}},"type":"if","locations":[{"start":{"line":277,"column":6},"end":{"line":292,"column":7}},{"start":{"line":290,"column":13},"end":{"line":292,"column":7}}],"line":277},"59":{"loc":{"start":{"line":287,"column":8},"end":{"line":289,"column":9}},"type":"if","locations":[{"start":{"line":287,"column":8},"end":{"line":289,"column":9}},{"start":{},"end":{}}],"line":287},"60":{"loc":{"start":{"line":304,"column":52},"end":{"line":304,"column":126}},"type":"cond-expr","locations":[{"start":{"line":304,"column":67},"end":{"line":304,"column":88}},{"start":{"line":304,"column":91},"end":{"line":304,"column":126}}],"line":304},"61":{"loc":{"start":{"line":304,"column":91},"end":{"line":304,"column":126}},"type":"cond-expr","locations":[{"start":{"line":304,"column":103},"end":{"line":304,"column":121}},{"start":{"line":304,"column":124},"end":{"line":304,"column":126}}],"line":304},"62":{"loc":{"start":{"line":312,"column":19},"end":{"line":312,"column":34}},"type":"binary-expr","locations":[{"start":{"line":312,"column":19},"end":{"line":312,"column":28}},{"start":{"line":312,"column":32},"end":{"line":312,"column":34}}],"line":312},"63":{"loc":{"start":{"line":314,"column":4},"end":{"line":325,"column":5}},"type":"if","locations":[{"start":{"line":314,"column":4},"end":{"line":325,"column":5}},{"start":{},"end":{}}],"line":314},"64":{"loc":{"start":{"line":317,"column":20},"end":{"line":317,"column":104}},"type":"cond-expr","locations":[{"start":{"line":317,"column":41},"end":{"line":317,"column":52}},{"start":{"line":317,"column":55},"end":{"line":317,"column":104}}],"line":317},"65":{"loc":{"start":{"line":317,"column":55},"end":{"line":317,"column":104}},"type":"cond-expr","locations":[{"start":{"line":317,"column":76},"end":{"line":317,"column":87}},{"start":{"line":317,"column":90},"end":{"line":317,"column":104}}],"line":317},"66":{"loc":{"start":{"line":318,"column":86},"end":{"line":318,"column":106}},"type":"binary-expr","locations":[{"start":{"line":318,"column":86},"end":{"line":318,"column":101}},{"start":{"line":318,"column":105},"end":{"line":318,"column":106}}],"line":318},"67":{"loc":{"start":{"line":319,"column":8},"end":{"line":321,"column":9}},"type":"if","locations":[{"start":{"line":319,"column":8},"end":{"line":321,"column":9}},{"start":{},"end":{}}],"line":319},"68":{"loc":{"start":{"line":320,"column":31},"end":{"line":320,"column":60}},"type":"cond-expr","locations":[{"start":{"line":320,"column":52},"end":{"line":320,"column":55}},{"start":{"line":320,"column":58},"end":{"line":320,"column":60}}],"line":320},"69":{"loc":{"start":{"line":332,"column":2},"end":{"line":332,"column":64}},"type":"if","locations":[{"start":{"line":332,"column":2},"end":{"line":332,"column":64}},{"start":{},"end":{}}],"line":332},"70":{"loc":{"start":{"line":337,"column":16},"end":{"line":337,"column":38}},"type":"binary-expr","locations":[{"start":{"line":337,"column":16},"end":{"line":337,"column":32}},{"start":{"line":337,"column":36},"end":{"line":337,"column":38}}],"line":337},"71":{"loc":{"start":{"line":339,"column":2},"end":{"line":356,"column":3}},"type":"if","locations":[{"start":{"line":339,"column":2},"end":{"line":356,"column":3}},{"start":{},"end":{}}],"line":339},"72":{"loc":{"start":{"line":340,"column":37},"end":{"line":340,"column":70}},"type":"binary-expr","locations":[{"start":{"line":340,"column":37},"end":{"line":340,"column":55}},{"start":{"line":340,"column":59},"end":{"line":340,"column":70}}],"line":340},"73":{"loc":{"start":{"line":341,"column":40},"end":{"line":341,"column":76}},"type":"binary-expr","locations":[{"start":{"line":341,"column":40},"end":{"line":341,"column":61}},{"start":{"line":341,"column":65},"end":{"line":341,"column":76}}],"line":341},"74":{"loc":{"start":{"line":344,"column":4},"end":{"line":351,"column":5}},"type":"if","locations":[{"start":{"line":344,"column":4},"end":{"line":351,"column":5}},{"start":{},"end":{}}],"line":344},"75":{"loc":{"start":{"line":347,"column":22},"end":{"line":347,"column":101}},"type":"cond-expr","locations":[{"start":{"line":347,"column":44},"end":{"line":347,"column":97}},{"start":{"line":347,"column":100},"end":{"line":347,"column":101}}],"line":347},"76":{"loc":{"start":{"line":349,"column":6},"end":{"line":349,"column":83}},"type":"if","locations":[{"start":{"line":349,"column":6},"end":{"line":349,"column":83}},{"start":{},"end":{}}],"line":349},"77":{"loc":{"start":{"line":352,"column":4},"end":{"line":355,"column":5}},"type":"if","locations":[{"start":{"line":352,"column":4},"end":{"line":355,"column":5}},{"start":{},"end":{}}],"line":352},"78":{"loc":{"start":{"line":358,"column":2},"end":{"line":360,"column":3}},"type":"if","locations":[{"start":{"line":358,"column":2},"end":{"line":360,"column":3}},{"start":{},"end":{}}],"line":358},"79":{"loc":{"start":{"line":358,"column":61},"end":{"line":358,"column":135}},"type":"cond-expr","locations":[{"start":{"line":358,"column":76},"end":{"line":358,"column":97}},{"start":{"line":358,"column":100},"end":{"line":358,"column":135}}],"line":358},"80":{"loc":{"start":{"line":358,"column":100},"end":{"line":358,"column":135}},"type":"cond-expr","locations":[{"start":{"line":358,"column":112},"end":{"line":358,"column":130}},{"start":{"line":358,"column":133},"end":{"line":358,"column":135}}],"line":358},"81":{"loc":{"start":{"line":367,"column":15},"end":{"line":367,"column":52}},"type":"binary-expr","locations":[{"start":{"line":367,"column":15},"end":{"line":367,"column":32}},{"start":{"line":367,"column":36},"end":{"line":367,"column":52}}],"line":367},"82":{"loc":{"start":{"line":368,"column":16},"end":{"line":368,"column":50}},"type":"binary-expr","locations":[{"start":{"line":368,"column":16},"end":{"line":368,"column":34}},{"start":{"line":368,"column":38},"end":{"line":368,"column":50}}],"line":368},"83":{"loc":{"start":{"line":374,"column":21},"end":{"line":374,"column":71}},"type":"cond-expr","locations":[{"start":{"line":374,"column":36},"end":{"line":374,"column":66}},{"start":{"line":374,"column":69},"end":{"line":374,"column":71}}],"line":374},"84":{"loc":{"start":{"line":374,"column":76},"end":{"line":374,"column":117}},"type":"cond-expr","locations":[{"start":{"line":374,"column":88},"end":{"line":374,"column":112}},{"start":{"line":374,"column":115},"end":{"line":374,"column":117}}],"line":374},"85":{"loc":{"start":{"line":385,"column":2},"end":{"line":393,"column":3}},"type":"if","locations":[{"start":{"line":385,"column":2},"end":{"line":393,"column":3}},{"start":{"line":391,"column":9},"end":{"line":393,"column":3}}],"line":385},"86":{"loc":{"start":{"line":388,"column":34},"end":{"line":388,"column":76}},"type":"binary-expr","locations":[{"start":{"line":388,"column":34},"end":{"line":388,"column":41}},{"start":{"line":388,"column":45},"end":{"line":388,"column":53}},{"start":{"line":388,"column":57},"end":{"line":388,"column":76}}],"line":388},"87":{"loc":{"start":{"line":389,"column":4},"end":{"line":389,"column":93}},"type":"if","locations":[{"start":{"line":389,"column":4},"end":{"line":389,"column":93}},{"start":{},"end":{}}],"line":389},"88":{"loc":{"start":{"line":389,"column":8},"end":{"line":389,"column":33}},"type":"binary-expr","locations":[{"start":{"line":389,"column":8},"end":{"line":389,"column":20}},{"start":{"line":389,"column":24},"end":{"line":389,"column":33}}],"line":389},"89":{"loc":{"start":{"line":389,"column":63},"end":{"line":389,"column":88}},"type":"binary-expr","locations":[{"start":{"line":389,"column":63},"end":{"line":389,"column":75}},{"start":{"line":389,"column":79},"end":{"line":389,"column":88}}],"line":389},"90":{"loc":{"start":{"line":405,"column":22},"end":{"line":405,"column":66}},"type":"binary-expr","locations":[{"start":{"line":405,"column":22},"end":{"line":405,"column":60}},{"start":{"line":405,"column":64},"end":{"line":405,"column":66}}],"line":405},"91":{"loc":{"start":{"line":411,"column":4},"end":{"line":429,"column":5}},"type":"switch","locations":[{"start":{"line":412,"column":6},"end":{"line":414,"column":14}},{"start":{"line":415,"column":6},"end":{"line":417,"column":14}},{"start":{"line":418,"column":6},"end":{"line":420,"column":14}},{"start":{"line":421,"column":6},"end":{"line":423,"column":14}},{"start":{"line":424,"column":6},"end":{"line":426,"column":14}},{"start":{"line":427,"column":6},"end":{"line":428,"column":221}}],"line":411},"92":{"loc":{"start":{"line":459,"column":2},"end":{"line":461,"column":3}},"type":"if","locations":[{"start":{"line":459,"column":2},"end":{"line":461,"column":3}},{"start":{},"end":{}}],"line":459},"93":{"loc":{"start":{"line":463,"column":2},"end":{"line":465,"column":3}},"type":"if","locations":[{"start":{"line":463,"column":2},"end":{"line":465,"column":3}},{"start":{},"end":{}}],"line":463},"94":{"loc":{"start":{"line":463,"column":6},"end":{"line":463,"column":99}},"type":"binary-expr","locations":[{"start":{"line":463,"column":6},"end":{"line":463,"column":48}},{"start":{"line":463,"column":52},"end":{"line":463,"column":99}}],"line":463},"95":{"loc":{"start":{"line":467,"column":2},"end":{"line":469,"column":3}},"type":"if","locations":[{"start":{"line":467,"column":2},"end":{"line":469,"column":3}},{"start":{},"end":{}}],"line":467},"96":{"loc":{"start":{"line":471,"column":2},"end":{"line":517,"column":3}},"type":"if","locations":[{"start":{"line":471,"column":2},"end":{"line":517,"column":3}},{"start":{},"end":{}}],"line":471},"97":{"loc":{"start":{"line":471,"column":6},"end":{"line":471,"column":58}},"type":"binary-expr","locations":[{"start":{"line":471,"column":6},"end":{"line":471,"column":29}},{"start":{"line":471,"column":33},"end":{"line":471,"column":58}}],"line":471},"98":{"loc":{"start":{"line":473,"column":6},"end":{"line":481,"column":7}},"type":"if","locations":[{"start":{"line":473,"column":6},"end":{"line":481,"column":7}},{"start":{},"end":{}}],"line":473},"99":{"loc":{"start":{"line":483,"column":6},"end":{"line":492,"column":7}},"type":"if","locations":[{"start":{"line":483,"column":6},"end":{"line":492,"column":7}},{"start":{},"end":{}}],"line":483},"100":{"loc":{"start":{"line":488,"column":16},"end":{"line":488,"column":44}},"type":"binary-expr","locations":[{"start":{"line":488,"column":16},"end":{"line":488,"column":31}},{"start":{"line":488,"column":35},"end":{"line":488,"column":44}}],"line":488},"101":{"loc":{"start":{"line":494,"column":6},"end":{"line":503,"column":7}},"type":"if","locations":[{"start":{"line":494,"column":6},"end":{"line":503,"column":7}},{"start":{},"end":{}}],"line":494},"102":{"loc":{"start":{"line":499,"column":16},"end":{"line":499,"column":44}},"type":"binary-expr","locations":[{"start":{"line":499,"column":16},"end":{"line":499,"column":31}},{"start":{"line":499,"column":35},"end":{"line":499,"column":44}}],"line":499}},"s":{"0":1,"1":1,"2":1,"3":4,"4":4,"5":1,"6":3,"7":1,"8":2,"9":0,"10":2,"11":1,"12":1,"13":1,"14":1,"15":4,"16":4,"17":8,"18":98,"19":2,"20":2,"21":10,"22":0,"23":2,"24":1,"25":1,"26":0,"27":0,"28":0,"29":0,"30":0,"31":0,"32":1,"33":2,"34":2,"35":2,"36":0,"37":0,"38":0,"39":0,"40":0,"41":0,"42":0,"43":0,"44":0,"45":0,"46":0,"47":0,"48":0,"49":0,"50":0,"51":2,"52":2,"53":0,"54":2,"55":0,"56":2,"57":2,"58":2,"59":1,"60":1,"61":1,"62":1,"63":1,"64":1,"65":1,"66":1,"67":1,"68":1,"69":1,"70":1,"71":1,"72":1,"73":1,"74":1,"75":1,"76":1,"77":0,"78":1,"79":0,"80":1,"81":0,"82":1,"83":0,"84":1,"85":1,"86":1,"87":1,"88":1,"89":1,"90":1,"91":1,"92":1,"93":1,"94":5,"95":5,"96":5,"97":5,"98":5,"99":5,"100":5,"101":1,"102":0,"103":1,"104":1,"105":1,"106":1,"107":1,"108":1,"109":0,"110":1,"111":0,"112":1,"113":1,"114":1,"115":1,"116":1,"117":1,"118":1,"119":1,"120":1,"121":1,"122":1,"123":1,"124":1,"125":1,"126":1,"127":1,"128":1,"129":1,"130":1,"131":0,"132":0,"133":0,"134":0,"135":0,"136":0,"137":0,"138":0,"139":0,"140":0,"141":0,"142":0,"143":0,"144":0,"145":0,"146":0,"147":0,"148":0,"149":0,"150":0,"151":0,"152":0,"153":0,"154":0,"155":0,"156":0,"157":0,"158":0,"159":0,"160":0,"161":1,"162":1,"163":1,"164":1,"165":1,"166":1,"167":1,"168":1,"169":1,"170":1,"171":1,"172":1,"173":1,"174":5,"175":5,"176":5,"177":5,"178":5,"179":1,"180":1,"181":1,"182":0,"183":1,"184":1,"185":1,"186":1,"187":1,"188":1,"189":20,"190":1,"191":20,"192":1,"193":1,"194":1,"195":5,"196":1,"197":5,"198":1,"199":5,"200":1,"201":1,"202":1,"203":1,"204":1,"205":1,"206":15,"207":1,"208":1,"209":0,"210":1,"211":1,"212":1,"213":1,"214":1,"215":1,"216":1,"217":1,"218":0,"219":0,"220":0,"221":0,"222":0,"223":0,"224":1,"225":1,"226":0,"227":4,"228":4,"229":4,"230":4,"231":1,"232":1,"233":1,"234":1,"235":1,"236":1,"237":1,"238":1,"239":0,"240":0,"241":0,"242":0,"243":4,"244":8,"245":8,"246":8,"247":0,"248":8,"249":1,"250":7,"251":1,"252":6,"253":5,"254":5,"255":4,"256":4,"257":1,"258":0,"259":1,"260":0,"261":1,"262":0,"263":1},"f":{"0":4,"1":4,"2":1,"3":2,"4":2,"5":2,"6":1,"7":1,"8":1,"9":1,"10":1,"11":0,"12":0,"13":0,"14":0,"15":0,"16":1,"17":20,"18":20,"19":5,"20":5,"21":5,"22":15,"23":1,"24":0,"25":4,"26":8,"27":5,"28":4,"29":0},"b":{"0":[1,3],"1":[1,2],"2":[0,2],"3":[1,1],"4":[2,96],"5":[0,10],"6":[0,0],"7":[0,0],"8":[0,1],"9":[0,0],"10":[0,0],"11":[2,0],"12":[0,0],"13":[0,0],"14":[0,0],"15":[0,0],"16":[0,0],"17":[0,0],"18":[0,0],"19":[0,2],"20":[0,2],"21":[1,1],"22":[0,1],"23":[0,1],"24":[0,1],"25":[1,0],"26":[1,0],"27":[0,1],"28":[0,1],"29":[0,1],"30":[0,1],"31":[1,0],"32":[1,0],"33":[1,0],"34":[0,0],"35":[1,0],"36":[0,1],"37":[0,1],"38":[5,0],"39":[5,0],"40":[5,0],"41":[0,1],"42":[1,0],"43":[1,1],"44":[0,1],"45":[0,1],"46":[1,0],"47":[1,0],"48":[1,0],"49":[1,0],"50":[1,0],"51":[1,0],"52":[1,0],"53":[0,1],"54":[0,0],"55":[0,0],"56":[0,0],"57":[0,0],"58":[0,0],"59":[0,0],"60":[0,1],"61":[0,1],"62":[1,0],"63":[1,0],"64":[4,1],"65":[1,0],"66":[5,0],"67":[5,0],"68":[4,1],"69":[0,1],"70":[1,0],"71":[1,0],"72":[20,5],"73":[20,15],"74":[1,0],"75":[1,0],"76":[1,0],"77":[1,0],"78":[0,1],"79":[0,1],"80":[0,1],"81":[1,1],"82":[1,1],"83":[0,1],"84":[0,1],"85":[0,1],"86":[0,0,0],"87":[0,0],"88":[0,0],"89":[0,0],"90":[4,0],"91":[1,1,1,1,0,0],"92":[0,8],"93":[1,7],"94":[8,7],"95":[1,6],"96":[5,1],"97":[6,5],"98":[4,1],"99":[0,1],"100":[0,0],"101":[0,1],"102":[0,0]},"meta":{"lastBranch":103,"lastFunction":30,"lastStatement":264,"seen":{"s:10:20:10:55":0,"s:12:18:71:1":1,"s:73:16:89:1":2,"f:93:9:93:20":0,"s:94:16:94:34":3,"b:95:2:95:89:undefined:undefined:undefined:undefined":0,"s:95:2:95:89":4,"s:95:61:95:89":5,"b:96:2:96:98:undefined:undefined:undefined:undefined":1,"s:96:2:96:98":6,"s:96:69:96:98":7,"b:97:2:97:100:undefined:undefined:undefined:undefined":2,"s:97:2:97:100":8,"s:97:71:97:100":9,"b:98:2:98:108:undefined:undefined:undefined:undefined":3,"s:98:2:98:108":10,"s:98:80:98:108":11,"s:99:2:99:27":12,"s:103:15:103:60":13,"s:104:18:108:1":14,"f:110:9:110:24":1,"s:111:16:111:34":15,"s:113:2:119:3":16,"s:114:4:118:5":17,"b:115:6:117:7:undefined:undefined:undefined:undefined":4,"s:115:6:117:7":18,"s:116:8:116:44":19,"s:121:2:125:3":20,"b:122:4:124:5:undefined:undefined:undefined:undefined":5,"s:122:4:124:5":21,"s:123:6:123:103":22,"b:123:56:123:62:123:65:123:100":6,"b:123:85:123:93:123:96:123:100":7,"s:127:2:127:41":23,"f:130:9:130:22":2,"s:131:16:131:82":24,"b:132:2:137:3:undefined:undefined:undefined:undefined":8,"s:132:2:137:3":25,"s:133:16:133:54":26,"b:134:4:135:44:135:9:135:44":9,"s:134:4:135:44":27,"s:134:35:134:52":28,"b:135:9:135:44:undefined:undefined:undefined:undefined":10,"s:135:9:135:44":29,"s:135:27:135:44":30,"s:136:4:136:17":31,"s:138:2:138:14":32,"f:141:9:141:28":3,"s:142:16:142:34":33,"b:143:2:143:54:undefined:undefined:undefined:undefined":11,"s:143:2:143:54":34,"s:143:33:143:54":35,"b:144:2:144:44:undefined:undefined:undefined:undefined":12,"s:144:2:144:44":36,"s:144:28:144:44":37,"b:145:2:145:42:undefined:undefined:undefined:undefined":13,"s:145:2:145:42":38,"s:145:27:145:42":39,"b:146:2:146:44:undefined:undefined:undefined:undefined":14,"s:146:2:146:44":40,"s:146:28:146:44":41,"b:147:2:147:46:undefined:undefined:undefined:undefined":15,"s:147:2:147:46":42,"s:147:29:147:46":43,"b:148:2:148:44:undefined:undefined:undefined:undefined":16,"s:148:2:148:44":44,"s:148:28:148:44":45,"b:149:2:149:54:undefined:undefined:undefined:undefined":17,"s:149:2:149:54":46,"s:149:36:149:54":47,"b:150:2:150:40:undefined:undefined:undefined:undefined":18,"s:150:2:150:40":48,"s:150:26:150:40":49,"s:151:2:151:14":50,"f:154:9:154:27":4,"s:155:16:155:34":51,"b:156:2:156:60:undefined:undefined:undefined:undefined":19,"s:156:2:156:60":52,"s:156:42:156:60":53,"b:157:2:157:63:undefined:undefined:undefined:undefined":20,"s:157:2:157:63":54,"s:157:48:157:63":55,"s:158:2:158:14":56,"f:161:9:161:23":5,"s:162:16:162:43":57,"s:163:2:163:43":58,"b:163:17:163:35:163:38:163:42":21,"f:166:9:166:21":6,"s:167:16:167:67":59,"s:168:2:168:43":60,"b:168:17:168:35:168:38:168:42":22,"f:171:9:171:20":7,"s:172:16:172:100":61,"s:173:2:173:40":62,"b:173:17:173:32:173:35:173:39":23,"f:176:9:176:21":8,"s:177:16:177:92":63,"s:178:2:178:55":64,"b:178:17:178:47:178:50:178:54":24,"f:183:15:183:35":9,"s:184:17:184:38":65,"s:185:14:185:35":66,"s:186:17:186:36":67,"s:187:15:187:40":68,"s:188:22:188:46":69,"s:189:18:189:38":70,"s:190:16:190:34":71,"b:192:2:192:57:undefined:undefined:undefined:undefined":25,"s:192:2:192:57":72,"s:192:20:192:57":73,"b:193:2:193:45:undefined:undefined:undefined:undefined":26,"s:193:2:193:45":74,"s:193:12:193:45":75,"b:194:2:194:58:undefined:undefined:undefined:undefined":27,"s:194:2:194:58":76,"s:194:19:194:58":77,"b:195:2:195:45:undefined:undefined:undefined:undefined":28,"s:195:2:195:45":78,"s:195:14:195:45":79,"b:196:2:196:49:undefined:undefined:undefined:undefined":29,"s:196:2:196:49":80,"s:196:15:196:49":81,"b:197:2:197:43:undefined:undefined:undefined:undefined":30,"s:197:2:197:43":82,"s:197:13:197:43":83,"s:198:2:198:26":84,"s:199:2:199:31":85,"s:201:14:201:64":86,"s:202:14:202:30":87,"s:203:15:203:31":88,"s:205:17:205:32":89,"b:205:17:205:26:205:30:205:32":31,"s:206:16:206:51":90,"b:206:16:206:32:206:36:206:51":32,"s:208:21:208:257":91,"b:208:58:208:79:208:82:208:117":33,"b:208:94:208:112:208:115:208:117":34,"b:208:127:208:140:208:143:208:145":35,"b:208:162:208:181:208:184:208:186":36,"b:208:198:208:246:208:249:208:251":37,"s:209:2:209:56":92,"s:211:2:219:3":93,"s:212:4:212:48":94,"s:213:4:213:68":95,"s:214:4:214:64":96,"b:214:35:214:47:214:51:214:56":38,"s:215:4:215:58":97,"b:215:34:215:44:215:48:215:53":39,"s:216:4:216:59":98,"b:216:36:216:45:216:49:216:54":40,"s:217:4:217:70":99,"s:218:4:218:44":100,"b:221:2:223:3:undefined:undefined:undefined:undefined":41,"s:221:2:223:3":101,"s:222:4:222:141":102,"s:225:2:225:22":103,"f:228:15:228:38":10,"s:229:14:229:35":104,"s:230:15:230:57":105,"b:230:15:230:40:230:44:230:57":42,"s:231:18:231:38":106,"s:232:22:232:57":107,"b:232:22:232:46:232:50:232:57":43,"b:234:2:236:3:undefined:undefined:undefined:undefined":44,"s:234:2:236:3":108,"s:235:4:235:114":109,"b:237:2:239:3:undefined:undefined:undefined:undefined":45,"s:237:2:239:3":110,"s:238:4:238:93":111,"s:241:17:241:38":112,"s:242:2:242:48":113,"s:243:2:243:39":114,"s:244:2:244:41":115,"b:245:2:245:48:undefined:undefined:undefined:undefined":46,"s:245:2:245:48":116,"s:245:17:245:48":117,"s:247:14:247:71":118,"s:248:14:248:30":119,"s:249:15:249:31":120,"s:251:21:251:115":121,"b:251:87:251:104:251:107:251:109":47,"b:253:2:296:3:264:9:296:3":48,"s:253:2:296:3":122,"s:254:4:254:101":123,"b:254:48:254:66:254:70:254:71":49,"s:255:4:255:61":124,"s:256:4:256:36":125,"s:257:4:257:94":126,"b:257:41:257:62:257:66:257:67":50,"s:258:4:258:96":127,"b:258:41:258:64:258:68:258:69":51,"s:259:4:259:94":128,"b:259:41:259:62:259:66:259:67":52,"s:260:4:260:64":129,"b:261:4:263:5:undefined:undefined:undefined:undefined":53,"s:261:4:263:5":130,"s:262:6:262:78":131,"s:265:4:265:98":132,"s:266:26:266:47":133,"s:267:4:267:48":134,"b:268:4:268:54:undefined:undefined:undefined:undefined":54,"s:268:4:268:54":135,"s:268:14:268:54":136,"s:269:4:269:40":137,"s:271:23:271:93":138,"s:272:24:272:47":139,"s:273:18:273:40":140,"b:273:18:273:34:273:38:273:40":55,"b:275:4:295:5:293:11:295:5":56,"s:275:4:295:5":141,"s:276:25:276:72":142,"f:276:38:276:39":11,"s:276:43:276:71":143,"b:276:43:276:54:276:58:276:71":57,"b:277:6:292:7:290:13:292:7":58,"s:277:6:292:7":144,"s:278:28:278:68":145,"f:278:43:278:44":12,"s:278:48:278:67":146,"s:279:26:279:85":147,"f:279:45:279:46":13,"s:279:55:279:60":148,"s:280:24:280:65":149,"f:280:51:280:52":14,"s:280:56:280:63":150,"s:281:24:281:65":151,"f:281:51:281:52":15,"s:281:56:281:63":152,"s:283:8:283:70":153,"s:284:8:284:95":154,"s:285:8:285:70":155,"s:286:8:286:70":156,"b:287:8:289:9:undefined:undefined:undefined:undefined":59,"s:287:8:289:9":157,"s:288:10:288:117":158,"s:291:8:291:69":159,"s:294:6:294:66":160,"s:298:2:298:22":161,"f:301:15:301:37":16,"s:302:14:302:35":162,"s:304:21:304:132":163,"b:304:67:304:88:304:91:304:126":60,"b:304:103:304:121:304:124:304:126":61,"s:306:2:328:3":164,"s:307:19:307:40":165,"s:308:4:308:33":166,"s:309:4:309:31":167,"s:310:16:310:84":168,"s:311:17:311:33":169,"s:312:19:312:34":170,"b:312:19:312:28:312:32:312:34":62,"b:314:4:325:5:undefined:undefined:undefined:undefined":63,"s:314:4:325:5":171,"s:315:6:315:57":172,"s:316:6:323:7":173,"s:317:20:317:104":174,"b:317:41:317:52:317:55:317:104":64,"b:317:76:317:87:317:90:317:104":65,"s:318:8:318:134":175,"b:318:86:318:101:318:105:318:106":66,"b:319:8:321:9:undefined:undefined:undefined:undefined":67,"s:319:8:321:9":176,"s:320:10:320:82":177,"b:320:52:320:55:320:58:320:60":68,"s:322:8:322:29":178,"s:324:6:324:27":179,"s:331:24:331:45":180,"b:332:2:332:64:undefined:undefined:undefined:undefined":69,"s:332:2:332:64":181,"s:332:20:332:64":182,"s:333:2:333:38":183,"s:335:21:335:91":184,"s:336:22:336:45":185,"s:337:16:337:38":186,"b:337:16:337:32:337:36:337:38":70,"b:339:2:356:3:undefined:undefined:undefined:undefined":71,"s:339:2:356:3":187,"s:340:19:340:71":188,"f:340:32:340:33":17,"s:340:37:340:70":189,"b:340:37:340:55:340:59:340:70":72,"s:341:22:341:77":190,"f:341:35:341:36":18,"s:341:40:341:76":191,"b:341:40:341:61:341:65:341:76":73,"s:343:4:343:75":192,"b:344:4:351:5:undefined:undefined:undefined:undefined":74,"s:344:4:351:5":193,"s:345:23:345:78":194,"f:345:37:345:38":19,"s:345:47:345:58":195,"s:346:23:346:65":196,"f:346:34:346:35":20,"s:346:39:346:48":197,"s:347:22:347:101":198,"b:347:44:347:97:347:100:347:101":75,"f:347:60:347:61":21,"s:347:70:347:75":199,"s:348:6:348:99":200,"b:349:6:349:83:undefined:undefined:undefined:undefined":76,"s:349:6:349:83":201,"s:349:23:349:83":202,"s:350:6:350:56":203,"b:352:4:355:5:undefined:undefined:undefined:undefined":77,"s:352:4:355:5":204,"s:353:21:353:82":205,"f:353:38:353:39":22,"s:353:48:353:59":206,"s:354:6:354:140":207,"b:358:2:360:3:undefined:undefined:undefined:undefined":78,"s:358:2:360:3":208,"b:358:76:358:97:358:100:358:135":79,"b:358:112:358:130:358:133:358:135":80,"s:359:4:359:161":209,"s:362:2:362:22":210,"f:365:15:365:39":23,"s:366:14:366:35":211,"s:367:15:367:52":212,"b:367:15:367:32:367:36:367:52":81,"s:368:16:368:50":213,"b:368:16:368:34:368:38:368:50":82,"s:370:15:375:3":214,"b:374:36:374:66:374:69:374:71":83,"b:374:88:374:112:374:115:374:117":84,"s:377:14:381:4":215,"s:383:21:383:57":216,"b:385:2:393:3:391:9:393:3":85,"s:385:2:393:3":217,"s:386:17:386:33":218,"s:387:4:387:84":219,"s:388:4:388:81":220,"b:388:34:388:41:388:45:388:53:388:57:388:76":86,"b:389:4:389:93:undefined:undefined:undefined:undefined":87,"s:389:4:389:93":221,"b:389:8:389:20:389:24:389:33":88,"s:389:35:389:93":222,"b:389:63:389:75:389:79:389:88":89,"s:390:4:390:67":223,"s:392:4:392:156":224,"s:395:2:395:22":225,"f:398:15:398:39":24,"s:399:2:399:240":226,"f:404:15:404:29":25,"s:405:22:405:66":227,"b:405:22:405:60:405:64:405:66":90,"s:406:16:406:40":228,"s:410:2:432:3":229,"b:412:6:414:14:415:6:417:14:418:6:420:14:421:6:423:14:424:6:426:14:427:6:428:221":91,"s:411:4:429:5":230,"s:413:8:413:63":231,"s:414:8:414:14":232,"s:416:8:416:66":233,"s:417:8:417:14":234,"s:419:8:419:65":235,"s:420:8:420:14":236,"s:422:8:422:67":237,"s:423:8:423:14":238,"s:425:8:425:67":239,"s:426:8:426:14":240,"s:428:8:428:221":241,"s:431:4:431:110":242,"s:434:2:444:4":243,"f:449:16:449:32":26,"s:450:14:450:34":244,"s:452:18:457:3":245,"b:459:2:461:3:undefined:undefined:undefined:undefined":92,"s:459:2:461:3":246,"s:460:4:460:56":247,"b:463:2:465:3:undefined:undefined:undefined:undefined":93,"s:463:2:465:3":248,"b:463:6:463:48:463:52:463:99":94,"s:464:4:464:73":249,"b:467:2:469:3:undefined:undefined:undefined:undefined":95,"s:467:2:469:3":250,"s:468:4:468:71":251,"b:471:2:517:3:undefined:undefined:undefined:undefined":96,"s:471:2:517:3":252,"b:471:6:471:29:471:33:471:58":97,"s:472:4:516:7":253,"f:472:31:472:32":27,"b:473:6:481:7:undefined:undefined:undefined:undefined":98,"s:473:6:481:7":254,"s:474:8:480:11":255,"f:474:41:474:42":28,"s:475:10:479:36":256,"b:483:6:492:7:undefined:undefined:undefined:undefined":99,"s:483:6:492:7":257,"s:484:8:491:34":258,"b:488:16:488:31:488:35:488:44":100,"b:494:6:503:7:undefined:undefined:undefined:undefined":101,"s:494:6:503:7":259,"s:495:8:502:34":260,"b:499:16:499:31:499:35:499:44":102,"s:505:6:509:36":261,"f:510:13:510:14":29,"s:511:6:515:36":262,"s:519:2:519:52":263},"fnNames":{}}}
,"C:\\Users\\user\\rabatrealestate-cov\\src\\backend\\config.js": {"path":"C:\\Users\\user\\rabatrealestate-cov\\src\\backend\\config.js","statementMap":{"0":{"start":{"line":1,"column":13},"end":{"line":1,"column":null}},"1":{"start":{"line":2,"column":11},"end":{"line":2,"column":null}},"2":{"start":{"line":4,"column":13},"end":{"line":4,"column":null}},"3":{"start":{"line":6,"column":6},"end":{"line":25,"column":null}},"4":{"start":{"line":7,"column":16},"end":{"line":7,"column":null}},"5":{"start":{"line":8,"column":2},"end":{"line":8,"column":null}},"6":{"start":{"line":8,"column":45},"end":{"line":8,"column":null}},"7":{"start":{"line":9,"column":2},"end":{"line":9,"column":null}},"8":{"start":{"line":10,"column":2},"end":{"line":24,"column":null}},"9":{"start":{"line":11,"column":20},"end":{"line":11,"column":null}},"10":{"start":{"line":12,"column":4},"end":{"line":12,"column":null}},"11":{"start":{"line":12,"column":33},"end":{"line":12,"column":null}},"12":{"start":{"line":13,"column":18},"end":{"line":13,"column":null}},"13":{"start":{"line":14,"column":4},"end":{"line":23,"column":null}},"14":{"start":{"line":15,"column":19},"end":{"line":15,"column":null}},"15":{"start":{"line":16,"column":6},"end":{"line":16,"column":null}},"16":{"start":{"line":16,"column":41},"end":{"line":16,"column":null}},"17":{"start":{"line":17,"column":18},"end":{"line":17,"column":null}},"18":{"start":{"line":18,"column":6},"end":{"line":18,"column":null}},"19":{"start":{"line":18,"column":19},"end":{"line":18,"column":null}},"20":{"start":{"line":19,"column":18},"end":{"line":19,"column":null}},"21":{"start":{"line":20,"column":18},"end":{"line":20,"column":null}},"22":{"start":{"line":21,"column":6},"end":{"line":21,"column":null}},"23":{"start":{"line":21,"column":56},"end":{"line":21,"column":null}},"24":{"start":{"line":22,"column":6},"end":{"line":22,"column":null}},"25":{"start":{"line":22,"column":33},"end":{"line":22,"column":null}},"26":{"start":{"line":27,"column":0},"end":{"line":27,"column":null}},"27":{"start":{"line":29,"column":20},"end":{"line":29,"column":null}},"28":{"start":{"line":30,"column":22},"end":{"line":30,"column":null}},"29":{"start":{"line":31,"column":17},"end":{"line":31,"column":null}},"30":{"start":{"line":33,"column":18},"end":{"line":53,"column":null}},"31":{"start":{"line":55,"column":25},"end":{"line":81,"column":null}},"32":{"start":{"line":83,"column":0},"end":{"line":87,"column":null}}},"fnMap":{"0":{"name":"(anonymous_0)","decl":{"start":{"line":6,"column":6},"end":{"line":6,"column":25}},"loc":{"start":{"line":6,"column":25},"end":{"line":25,"column":null}},"line":6}},"branchMap":{"0":{"loc":{"start":{"line":8,"column":2},"end":{"line":8,"column":null}},"type":"if","locations":[{"start":{"line":8,"column":2},"end":{"line":8,"column":null}},{"start":{},"end":{}}],"line":8},"1":{"loc":{"start":{"line":12,"column":4},"end":{"line":12,"column":null}},"type":"if","locations":[{"start":{"line":12,"column":4},"end":{"line":12,"column":null}},{"start":{},"end":{}}],"line":12},"2":{"loc":{"start":{"line":16,"column":6},"end":{"line":16,"column":null}},"type":"if","locations":[{"start":{"line":16,"column":6},"end":{"line":16,"column":null}},{"start":{},"end":{}}],"line":16},"3":{"loc":{"start":{"line":16,"column":10},"end":{"line":16,"column":41}},"type":"binary-expr","locations":[{"start":{"line":16,"column":10},"end":{"line":16,"column":19}},{"start":{"line":16,"column":19},"end":{"line":16,"column":41}}],"line":16},"4":{"loc":{"start":{"line":18,"column":6},"end":{"line":18,"column":null}},"type":"if","locations":[{"start":{"line":18,"column":6},"end":{"line":18,"column":null}},{"start":{},"end":{}}],"line":18},"5":{"loc":{"start":{"line":21,"column":6},"end":{"line":21,"column":null}},"type":"if","locations":[{"start":{"line":21,"column":6},"end":{"line":21,"column":null}},{"start":{},"end":{}}],"line":21},"6":{"loc":{"start":{"line":21,"column":10},"end":{"line":21,"column":56}},"type":"binary-expr","locations":[{"start":{"line":21,"column":10},"end":{"line":21,"column":35}},{"start":{"line":21,"column":35},"end":{"line":21,"column":56}}],"line":21},"7":{"loc":{"start":{"line":22,"column":6},"end":{"line":22,"column":null}},"type":"if","locations":[{"start":{"line":22,"column":6},"end":{"line":22,"column":null}},{"start":{},"end":{}}],"line":22},"8":{"loc":{"start":{"line":29,"column":27},"end":{"line":29,"column":77}},"type":"binary-expr","locations":[{"start":{"line":29,"column":27},"end":{"line":29,"column":54}},{"start":{"line":29,"column":54},"end":{"line":29,"column":77}}],"line":29},"9":{"loc":{"start":{"line":30,"column":29},"end":{"line":30,"column":65}},"type":"binary-expr","locations":[{"start":{"line":30,"column":29},"end":{"line":30,"column":58}},{"start":{"line":30,"column":58},"end":{"line":30,"column":65}}],"line":30},"10":{"loc":{"start":{"line":34,"column":12},"end":{"line":34,"column":null}},"type":"binary-expr","locations":[{"start":{"line":34,"column":12},"end":{"line":34,"column":45}},{"start":{"line":34,"column":45},"end":{"line":34,"column":null}}],"line":34},"11":{"loc":{"start":{"line":35,"column":17},"end":{"line":35,"column":null}},"type":"binary-expr","locations":[{"start":{"line":35,"column":17},"end":{"line":35,"column":55}},{"start":{"line":35,"column":55},"end":{"line":35,"column":null}}],"line":35},"12":{"loc":{"start":{"line":36,"column":20},"end":{"line":36,"column":null}},"type":"binary-expr","locations":[{"start":{"line":36,"column":20},"end":{"line":36,"column":61}},{"start":{"line":36,"column":61},"end":{"line":36,"column":null}}],"line":36},"13":{"loc":{"start":{"line":37,"column":12},"end":{"line":37,"column":null}},"type":"binary-expr","locations":[{"start":{"line":37,"column":12},"end":{"line":37,"column":45}},{"start":{"line":37,"column":45},"end":{"line":37,"column":null}}],"line":37},"14":{"loc":{"start":{"line":38,"column":10},"end":{"line":38,"column":null}},"type":"binary-expr","locations":[{"start":{"line":38,"column":10},"end":{"line":38,"column":41}},{"start":{"line":38,"column":41},"end":{"line":38,"column":null}}],"line":38},"15":{"loc":{"start":{"line":39,"column":22},"end":{"line":39,"column":null}},"type":"binary-expr","locations":[{"start":{"line":39,"column":22},"end":{"line":39,"column":66}},{"start":{"line":39,"column":66},"end":{"line":39,"column":null}}],"line":39},"16":{"loc":{"start":{"line":40,"column":15},"end":{"line":40,"column":null}},"type":"binary-expr","locations":[{"start":{"line":40,"column":15},"end":{"line":40,"column":51}},{"start":{"line":40,"column":51},"end":{"line":40,"column":null}}],"line":40},"17":{"loc":{"start":{"line":41,"column":18},"end":{"line":41,"column":null}},"type":"binary-expr","locations":[{"start":{"line":41,"column":18},"end":{"line":41,"column":58}},{"start":{"line":41,"column":58},"end":{"line":41,"column":null}}],"line":41},"18":{"loc":{"start":{"line":42,"column":13},"end":{"line":42,"column":null}},"type":"binary-expr","locations":[{"start":{"line":42,"column":13},"end":{"line":42,"column":47}},{"start":{"line":42,"column":47},"end":{"line":42,"column":null}}],"line":42},"19":{"loc":{"start":{"line":43,"column":9},"end":{"line":43,"column":null}},"type":"binary-expr","locations":[{"start":{"line":43,"column":9},"end":{"line":43,"column":39}},{"start":{"line":43,"column":39},"end":{"line":43,"column":null}}],"line":43},"20":{"loc":{"start":{"line":44,"column":9},"end":{"line":44,"column":null}},"type":"binary-expr","locations":[{"start":{"line":44,"column":9},"end":{"line":44,"column":39}},{"start":{"line":44,"column":39},"end":{"line":44,"column":null}}],"line":44},"21":{"loc":{"start":{"line":45,"column":15},"end":{"line":45,"column":null}},"type":"binary-expr","locations":[{"start":{"line":45,"column":15},"end":{"line":45,"column":52}},{"start":{"line":45,"column":52},"end":{"line":45,"column":null}}],"line":45},"22":{"loc":{"start":{"line":46,"column":17},"end":{"line":46,"column":null}},"type":"binary-expr","locations":[{"start":{"line":46,"column":17},"end":{"line":46,"column":56}},{"start":{"line":46,"column":56},"end":{"line":46,"column":null}}],"line":46},"23":{"loc":{"start":{"line":47,"column":17},"end":{"line":47,"column":null}},"type":"binary-expr","locations":[{"start":{"line":47,"column":17},"end":{"line":47,"column":56}},{"start":{"line":47,"column":56},"end":{"line":47,"column":null}}],"line":47},"24":{"loc":{"start":{"line":48,"column":20},"end":{"line":48,"column":null}},"type":"binary-expr","locations":[{"start":{"line":48,"column":20},"end":{"line":48,"column":62}},{"start":{"line":48,"column":62},"end":{"line":48,"column":null}}],"line":48},"25":{"loc":{"start":{"line":49,"column":16},"end":{"line":49,"column":null}},"type":"binary-expr","locations":[{"start":{"line":49,"column":16},"end":{"line":49,"column":54}},{"start":{"line":49,"column":54},"end":{"line":49,"column":null}}],"line":49},"26":{"loc":{"start":{"line":50,"column":12},"end":{"line":50,"column":null}},"type":"binary-expr","locations":[{"start":{"line":50,"column":12},"end":{"line":50,"column":45}},{"start":{"line":50,"column":45},"end":{"line":50,"column":null}}],"line":50},"27":{"loc":{"start":{"line":51,"column":25},"end":{"line":51,"column":null}},"type":"binary-expr","locations":[{"start":{"line":51,"column":25},"end":{"line":51,"column":72}},{"start":{"line":51,"column":72},"end":{"line":51,"column":null}}],"line":51},"28":{"loc":{"start":{"line":52,"column":19},"end":{"line":52,"column":null}},"type":"binary-expr","locations":[{"start":{"line":52,"column":19},"end":{"line":52,"column":60}},{"start":{"line":52,"column":60},"end":{"line":52,"column":null}}],"line":52}},"s":{"0":3,"1":3,"2":3,"3":3,"4":3,"5":3,"6":3,"7":0,"8":3,"9":3,"10":3,"11":3,"12":3,"13":0,"14":0,"15":0,"16":0,"17":0,"18":0,"19":0,"20":0,"21":0,"22":0,"23":0,"24":0,"25":0,"26":0,"27":0,"28":3,"29":3,"30":3,"31":3,"32":3},"f":{"0":3},"b":{"0":[3,0],"1":[3,0],"2":[0,0],"3":[0,0],"4":[0,0],"5":[0,0],"6":[0,0],"7":[0,0],"8":[0,3],"9":[3,3],"10":[3,3],"11":[3,3],"12":[3,3],"13":[3,3],"14":[3,3],"15":[3,3],"16":[3,3],"17":[3,3],"18":[3,3],"19":[3,3],"20":[3,3],"21":[3,3],"22":[3,3],"23":[3,3],"24":[3,3],"25":[3,3],"26":[3,3],"27":[3,3],"28":[3,3]},"meta":{"lastBranch":29,"lastFunction":1,"lastStatement":33,"seen":{"s:1:13:1:Infinity":0,"s:2:11:2:Infinity":1,"s:4:13:4:Infinity":2,"s:6:6:25:Infinity":3,"f:6:6:6:25":0,"s:7:16:7:Infinity":4,"b:8:2:8:Infinity:undefined:undefined:undefined:undefined":0,"s:8:2:8:Infinity":5,"s:8:45:8:Infinity":6,"s:9:2:9:Infinity":7,"s:10:2:24:Infinity":8,"s:11:20:11:Infinity":9,"b:12:4:12:Infinity:undefined:undefined:undefined:undefined":1,"s:12:4:12:Infinity":10,"s:12:33:12:Infinity":11,"s:13:18:13:Infinity":12,"s:14:4:23:Infinity":13,"s:15:19:15:Infinity":14,"b:16:6:16:Infinity:undefined:undefined:undefined:undefined":2,"s:16:6:16:Infinity":15,"b:16:10:16:19:16:19:16:41":3,"s:16:41:16:Infinity":16,"s:17:18:17:Infinity":17,"b:18:6:18:Infinity:undefined:undefined:undefined:undefined":4,"s:18:6:18:Infinity":18,"s:18:19:18:Infinity":19,"s:19:18:19:Infinity":20,"s:20:18:20:Infinity":21,"b:21:6:21:Infinity:undefined:undefined:undefined:undefined":5,"s:21:6:21:Infinity":22,"b:21:10:21:35:21:35:21:56":6,"s:21:56:21:Infinity":23,"b:22:6:22:Infinity:undefined:undefined:undefined:undefined":7,"s:22:6:22:Infinity":24,"s:22:33:22:Infinity":25,"s:27:0:27:Infinity":26,"s:29:20:29:Infinity":27,"b:29:27:29:54:29:54:29:77":8,"s:30:22:30:Infinity":28,"b:30:29:30:58:30:58:30:65":9,"s:31:17:31:Infinity":29,"s:33:18:53:Infinity":30,"b:34:12:34:45:34:45:34:Infinity":10,"b:35:17:35:55:35:55:35:Infinity":11,"b:36:20:36:61:36:61:36:Infinity":12,"b:37:12:37:45:37:45:37:Infinity":13,"b:38:10:38:41:38:41:38:Infinity":14,"b:39:22:39:66:39:66:39:Infinity":15,"b:40:15:40:51:40:51:40:Infinity":16,"b:41:18:41:58:41:58:41:Infinity":17,"b:42:13:42:47:42:47:42:Infinity":18,"b:43:9:43:39:43:39:43:Infinity":19,"b:44:9:44:39:44:39:44:Infinity":20,"b:45:15:45:52:45:52:45:Infinity":21,"b:46:17:46:56:46:56:46:Infinity":22,"b:47:17:47:56:47:56:47:Infinity":23,"b:48:20:48:62:48:62:48:Infinity":24,"b:49:16:49:54:49:54:49:Infinity":25,"b:50:12:50:45:50:45:50:Infinity":26,"b:51:25:51:72:51:72:51:Infinity":27,"b:52:19:52:60:52:60:52:Infinity":28,"s:55:25:81:Infinity":31,"s:83:0:87:Infinity":32},"fnNames":{}}}
,"C:\\Users\\user\\rabatrealestate-cov\\src\\backend\\database.js": {"path":"C:\\Users\\user\\rabatrealestate-cov\\src\\backend\\database.js","statementMap":{"0":{"start":{"line":1,"column":17},"end":{"line":1,"column":30}},"1":{"start":{"line":3,"column":17},"end":{"line":3,"column":96}},"2":{"start":{"line":4,"column":16},"end":{"line":4,"column":78}},"3":{"start":{"line":5,"column":12},"end":{"line":5,"column":81}},"4":{"start":{"line":7,"column":20},"end":{"line":10,"column":1}},"5":{"start":{"line":8,"column":18},"end":{"line":8,"column":48}},"6":{"start":{"line":9,"column":2},"end":{"line":9,"column":46}},"7":{"start":{"line":13,"column":0},"end":{"line":31,"column":1}},"8":{"start":{"line":14,"column":20},"end":{"line":14,"column":65}},"9":{"start":{"line":15,"column":19},"end":{"line":15,"column":63}},"10":{"start":{"line":16,"column":2},"end":{"line":28,"column":4}},"11":{"start":{"line":18,"column":19},"end":{"line":18,"column":104}},"12":{"start":{"line":19,"column":21},"end":{"line":19,"column":61}},"13":{"start":{"line":20,"column":6},"end":{"line":20,"column":58}},"14":{"start":{"line":22,"column":16},"end":{"line":22,"column":43}},"15":{"start":{"line":23,"column":23},"end":{"line":23,"column":51}},"16":{"start":{"line":24,"column":22},"end":{"line":24,"column":49}},"17":{"start":{"line":25,"column":25},"end":{"line":25,"column":55}},"18":{"start":{"line":26,"column":23},"end":{"line":26,"column":50}},"19":{"start":{"line":26,"column":51},"end":{"line":26,"column":77}},"20":{"start":{"line":27,"column":12},"end":{"line":27,"column":66}},"21":{"start":{"line":30,"column":2},"end":{"line":30,"column":55}},"22":{"start":{"line":33,"column":0},"end":{"line":33,"column":26}}},"fnMap":{"0":{"name":"(anonymous_0)","decl":{"start":{"line":7,"column":20},"end":{"line":7,"column":21}},"loc":{"start":{"line":7,"column":30},"end":{"line":10,"column":1}},"line":7},"1":{"name":"query","decl":{"start":{"line":17,"column":4},"end":{"line":17,"column":9}},"loc":{"start":{"line":17,"column":42},"end":{"line":21,"column":5}},"line":17},"2":{"name":"connect","decl":{"start":{"line":22,"column":4},"end":{"line":22,"column":11}},"loc":{"start":{"line":22,"column":14},"end":{"line":22,"column":45}},"line":22},"3":{"name":"totalCount","decl":{"start":{"line":23,"column":8},"end":{"line":23,"column":18}},"loc":{"start":{"line":23,"column":21},"end":{"line":23,"column":53}},"line":23},"4":{"name":"idleCount","decl":{"start":{"line":24,"column":8},"end":{"line":24,"column":17}},"loc":{"start":{"line":24,"column":20},"end":{"line":24,"column":51}},"line":24},"5":{"name":"waitingCount","decl":{"start":{"line":25,"column":8},"end":{"line":25,"column":20}},"loc":{"start":{"line":25,"column":23},"end":{"line":25,"column":57}},"line":25},"6":{"name":"on","decl":{"start":{"line":26,"column":4},"end":{"line":26,"column":6}},"loc":{"start":{"line":26,"column":21},"end":{"line":26,"column":79}},"line":26},"7":{"name":"end","decl":{"start":{"line":27,"column":4},"end":{"line":27,"column":7}},"loc":{"start":{"line":27,"column":10},"end":{"line":27,"column":68}},"line":27}},"branchMap":{"0":{"loc":{"start":{"line":3,"column":24},"end":{"line":3,"column":88}},"type":"binary-expr","locations":[{"start":{"line":3,"column":24},"end":{"line":3,"column":54}},{"start":{"line":3,"column":58},"end":{"line":3,"column":82}},{"start":{"line":3,"column":86},"end":{"line":3,"column":88}}],"line":3},"1":{"loc":{"start":{"line":4,"column":23},"end":{"line":4,"column":70}},"type":"binary-expr","locations":[{"start":{"line":4,"column":23},"end":{"line":4,"column":52}},{"start":{"line":4,"column":56},"end":{"line":4,"column":64}},{"start":{"line":4,"column":68},"end":{"line":4,"column":70}}],"line":4},"2":{"loc":{"start":{"line":5,"column":12},"end":{"line":5,"column":81}},"type":"cond-expr","locations":[{"start":{"line":5,"column":44},"end":{"line":5,"column":73}},{"start":{"line":5,"column":76},"end":{"line":5,"column":81}}],"line":5},"3":{"loc":{"start":{"line":8,"column":25},"end":{"line":8,"column":35}},"type":"binary-expr","locations":[{"start":{"line":8,"column":25},"end":{"line":8,"column":29}},{"start":{"line":8,"column":33},"end":{"line":8,"column":35}}],"line":8},"4":{"loc":{"start":{"line":13,"column":0},"end":{"line":31,"column":1}},"type":"if","locations":[{"start":{"line":13,"column":0},"end":{"line":31,"column":1}},{"start":{"line":29,"column":7},"end":{"line":31,"column":1}}],"line":13},"5":{"loc":{"start":{"line":18,"column":19},"end":{"line":18,"column":104}},"type":"cond-expr","locations":[{"start":{"line":18,"column":54},"end":{"line":18,"column":66}},{"start":{"line":18,"column":70},"end":{"line":18,"column":103}}],"line":18},"6":{"loc":{"start":{
[...]
"line":785,"column":72}},"type":"binary-expr","locations":[{"start":{"line":785,"column":17},"end":{"line":785,"column":35}},{"start":{"line":785,"column":39},"end":{"line":785,"column":72}}],"line":785},"123":{"loc":{"start":{"line":786,"column":70},"end":{"line":786,"column":94}},"type":"binary-expr","locations":[{"start":{"line":786,"column":70},"end":{"line":786,"column":87}},{"start":{"line":786,"column":91},"end":{"line":786,"column":94}}],"line":786},"124":{"loc":{"start":{"line":786,"column":99},"end":{"line":786,"column":129}},"type":"binary-expr","locations":[{"start":{"line":786,"column":99},"end":{"line":786,"column":122}},{"start":{"line":786,"column":126},"end":{"line":786,"column":129}}],"line":786},"125":{"loc":{"start":{"line":786,"column":141},"end":{"line":786,"column":168}},"type":"binary-expr","locations":[{"start":{"line":786,"column":141},"end":{"line":786,"column":163}},{"start":{"line":786,"column":167},"end":{"line":786,"column":168}}],"line":786},"126":{"loc":{"start":{"line":787,"column":13},"end":{"line":800,"column":7}},"type":"if","locations":[{"start":{"line":787,"column":13},"end":{"line":800,"column":7}},{"start":{"line":790,"column":13},"end":{"line":800,"column":7}}],"line":787},"127":{"loc":{"start":{"line":787,"column":17},"end":{"line":787,"column":58}},"type":"binary-expr","locations":[{"start":{"line":787,"column":17},"end":{"line":787,"column":28}},{"start":{"line":787,"column":32},"end":{"line":787,"column":58}}],"line":787},"128":{"loc":{"start":{"line":789,"column":8},"end":{"line":789,"column":120}},"type":"if","locations":[{"start":{"line":789,"column":8},"end":{"line":789,"column":120}},{"start":{},"end":{}}],"line":789},"129":{"loc":{"start":{"line":790,"column":13},"end":{"line":800,"column":7}},"type":"if","locations":[{"start":{"line":790,"column":13},"end":{"line":800,"column":7}},{"start":{"line":792,"column":13},"end":{"line":800,"column":7}}],"line":790},"130":{"loc":{"start":{"line":790,"column":17},"end":{"line":790,"column":59}},"type":"binary-expr","locations":[{"start":{"line":790,"column":17},"end":{"line":790,"column":28}},{"start":{"line":790,"column":32},"end":{"line":790,"column":59}}],"line":790},"131":{"loc":{"start":{"line":791,"column":18},"end":{"line":791,"column":95}},"type":"cond-expr","locations":[{"start":{"line":791,"column":52},"end":{"line":791,"column":73}},{"start":{"line":791,"column":76},"end":{"line":791,"column":95}}],"line":791},"132":{"loc":{"start":{"line":792,"column":13},"end":{"line":800,"column":7}},"type":"if","locations":[{"start":{"line":792,"column":13},"end":{"line":800,"column":7}},{"start":{"line":794,"column":13},"end":{"line":800,"column":7}}],"line":792},"133":{"loc":{"start":{"line":793,"column":74},"end":{"line":793,"column":104}},"type":"binary-expr","locations":[{"start":{"line":793,"column":74},"end":{"line":793,"column":99}},{"start":{"line":793,"column":103},"end":{"line":793,"column":104}}],"line":793},"134":{"loc":{"start":{"line":794,"column":13},"end":{"line":800,"column":7}},"type":"if","locations":[{"start":{"line":794,"column":13},"end":{"line":800,"column":7}},{"start":{"line":796,"column":13},"end":{"line":800,"column":7}}],"line":794},"135":{"loc":{"start":{"line":795,"column":18},"end":{"line":795,"column":55}},"type":"binary-expr","locations":[{"start":{"line":795,"column":18},"end":{"line":795,"column":32}},{"start":{"line":795,"column":36},"end":{"line":795,"column":55}}],"line":795},"136":{"loc":{"start":{"line":796,"column":13},"end":{"line":800,"column":7}},"type":"if","locations":[{"start":{"line":796,"column":13},"end":{"line":800,"column":7}},{"start":{"line":798,"column":13},"end":{"line":800,"column":7}}],"line":796},"137":{"loc":{"start":{"line":797,"column":44},"end":{"line":797,"column":62}},"type":"binary-expr","locations":[{"start":{"line":797,"column":44},"end":{"line":797,"column":56}},{"start":{"line":797,"column":60},"end":{"line":797,"column":62}}],"line":797},"138":{"loc":{"start":{"line":828,"column":2},"end":{"line":828,"column":46}},"type":"if","locations":[{"start":{"line":828,"column":2},"end":{"line":828,"column":46}},{"start":{},"end":{}}],"line":828}},"s":{"0":2,"1":2,"2":2,"3":2,"4":2,"5":2,"6":2,"7":2,"8":0,"9":2,"10":2,"11":2,"12":2,"13":2,"14":0,"15":0,"16":0,"17":0,"18":5,"19":0,"20":5,"21":3,"22":11,"23":2,"24":2,"25":2,"26":11,"27":0,"28":2,"29":2,"30":2,"31":2,"32":2,"33":2,"34":0,"35":0,"36":0,"37":2,"38":1,"39":1,"40":1,"41":2,"42":0,"43":0,"44":2,"45":0,"46":0,"47":2,"48":0,"49":0,"50":2,"51":0,"52":0,"53":2,"54":0,"55":0,"56":2,"57":0,"58":0,"59":2,"60":0,"61":0,"62":2,"63":0,"64":0,"65":0,"66":2,"67":2,"68":2,"69":2,"70":2,"71":2,"72":2,"73":2,"74":2,"75":2,"76":2,"77":2,"78":2,"79":2,"80":2,"81":5,"82":5,"83":5,"84":5,"85":5,"86":0,"87":5,"88":2,"89":2,"90":1,"91":1,"92":1,"93":1,"94":1,"95":0,"96":0,"97":0,"98":0,"99":0,"100":0,"101":2,"102":0,"103":0,"104":0,"105":2,"106":0,"107":0,"108":0,"109":0,"110":0,"111":0,"112":0,"113":0,"114":0,"115":0,"116":0,"117":0,"118":0,"119":0,"120":2,"121":0,"122":3,"123":3,"124":3,"125":3,"126":3,"127":3,"128":1,"129":2,"130":1,"131":1,"132":1,"133":0,"134":0,"135":3,"136":3,"137":0,"138":0,"139":1,"140":1,"141":1,"142":1,"143":1,"144":0,"145":0,"146":1,"147":1,"148":1,"149":7,"150":1,"151":1,"152":1,"153":0,"154":0,"155":0,"156":1,"157":1,"158":1,"159":65,"160":1,"161":1,"162":1,"163":2,"164":2,"165":2,"166":4,"167":3,"168":3,"169":3,"170":1,"171":2,"172":1,"173":1,"174":3,"175":3,"176":1,"177":0,"178":0,"179":0,"180":0,"181":0,"182":0,"183":0,"184":0,"185":0,"186":0,"187":0,"188":0,"189":0,"190":0,"191":0,"192":0,"193":0,"194":0,"195":0,"196":0,"197":0,"198":0,"199":0,"200":0,"201":0,"202":0,"203":0,"204":0,"205":0,"206":0,"207":0,"208":0,"209":0,"210":0,"211":0,"212":0,"213":2,"214":23,"215":23,"216":3,"217":3,"218":3,"219":20,"220":1,"221":19,"222":2,"223":17,"224":16,"225":16,"226":16,"227":16,"228":1,"229":15,"230":15,"231":15,"232":15,"233":15,"234":7,"235":8,"236":0,"237":8,"238":7,"239":7,"240":2,"241":1,"242":0,"243":1,"244":0,"245":1,"246":1,"247":0,"248":0,"249":0,"250":15,"251":0,"252":0,"253":1,"254":1,"255":1,"256":1,"257":2},"f":{"0":0,"1":0,"2":0,"3":5,"4":3,"5":11,"6":0,"7":2,"8":5,"9":2,"10":0,"11":0,"12":0,"13":0,"14":0,"15":0,"16":3,"17":1,"18":7,"19":1,"20":65,"21":1,"22":2,"23":4,"24":3,"25":0,"26":0,"27":0,"28":0,"29":0,"30":0,"31":0,"32":0,"33":0,"34":23,"35":1},"b":{"0":[2,0],"1":[2,0],"2":[0,0],"3":[0,0],"4":[0,0],"5":[0,5],"6":[3,0],"7":[2,9],"8":[0,0],"9":[0,2],"10":[0,0],"11":[1,1],"12":[0,2],"13":[0,2],"14":[0,2],"15":[0,2],"16":[0,2],"17":[0,2],"18":[0,2],"19":[0,2],"20":[2,0],"21":[2,2],"22":[2,0],"23":[2,2],"24":[2,0],"25":[5,0],"26":[0,5],"27":[0,5],"28":[5,2,0],"29":[5,0],"30":[5,5,5],"31":[0,5],"32":[5,0],"33":[5,3],"34":[0,5],"35":[0,5],"36":[2,2],"37":[1,1],"38":[2,2],"39":[1,0],"40":[0,0],"41":[0,2],"42":[2,0,0],"43":[0,0],"44":[0,2],"45":[0,0],"46":[0,0],"47":[0,0],"48":[0,0],"49":[0,0],"50":[0,0],"51":[0,0],"52":[0,0],"53":[0,0],"54":[0,0],"55":[2,0,0],"56":[0,0],"57":[0,0],"58":[0,0],"59":[2,0],"60":[2,0],"61":[0,0],"62":[0,0],"63":[2,0],"64":[3,0],"65":[3,1],"66":[3,3],"67":[3,3],"68":[3,3],"69":[3,3],"70":[3,3],"71":[3,3],"72":[3,3],"73":[3,3],"74":[1,2],"75":[3,3],"76":[1,1],"77":[1,0],"78":[1,1],"79":[0,0],"80":[0,3],"81":[0,0],"82":[3,0],"83":[3,0],"84":[3,0],"85":[3,0],"86":[3,0],"87":[3,0],"88":[3,0],"89":[3,0],"90":[3,0],"91":[1,1],"92":[1,0],"93":[0,1],"94":[7,0],"95":[7,0],"96":[7,0],"97":[7,0],"98":[7,0],"99":[0,1],"100":[0,0],"101":[65,0],"102":[65,0],"103":[65,0],"104":[65,0],"105":[3,0],"106":[3,0],"107":[1,2],"108":[3,2],"109":[1,1],"110":[2,1],"111":[1,1],"112":[0,1],"113":[3,20],"114":[2,1],"115":[1,19],"116":[2,17],"117":[16,1],"118":[16,0],"119":[1,15],"120":[7,8],"121":[0,8],"122":[8,0],"123":[0,0],"124":[0,0],"125":[0,0],"126":[7,1],"127":[8,7],"128":[2,5],"129":[0,1],"130":[1,0],"131":[0,0],"132":[0,1],"133":[0,0],"134":[1,0],"135":[1,0],"136":[0,0],"137":[0,0],"138":[1,0]},"meta":{"lastBranch":139,"lastFunction":36,"lastStatement":258,"seen":{"s:7:19:7:32":0,"s:8:17:8:47":1,"s:9:15:9:43":2,"s:10:19:10:47":3,"s:11:22:11:50":4,"s:12:16:12:45":5,"s:14:15:14:64":6,"s:15:18:15:166":7,"b:15:120:15:147:15:152:15:162":0,"f:15:152:15:153":0,"s:15:159:15:162":8,"s:17:21:17:91":9,"b:17:21:17:45:17:49:17:91":1,"s:18:27:18:55":10,"s:19:20:19:41":11,"s:21:9:21:13":12,"s:23:11:30:1":13,"f:32:9:32:23":1,"b:33:2:33:51:undefined:undefined:undefined:undefined":2,"s:33:2:33:51":14,"b:33:6:33:11:33:15:33:39":3,"s:33:41:33:51":15,"s:34:2:34:45":16,"f:34:16:34:17":2,"s:34:25:34:42":17,"b:34:25:34:34:34:38:34:42":4,"f:37:9:37:18":3,"b:38:2:38:22:undefined:undefined:undefined:undefined":5,"s:38:2:38:22":18,"s:38:12:38:22":19,"s:39:2:39:73":20,"f:42:9:42:21":4,"s:43:2:43:136":21,"b:43:14:43:77:43:80:43:135":6,"f:46:15:46:20":5,"b:47:2:51:3:undefined:undefined:undefined:undefined":7,"s:47:2:51:3":22,"s:48:4:48:56":23,"s:49:4:49:23":24,"s:50:4:50:52":25,"s:52:2:52:12":26,"f:55:9:55:17":6,"s:56:2:56:57":27,"b:56:32:56:44:56:48:56:51":8,"s:59:14:274:1":28,"f:278:15:278:35":7,"s:279:18:279:77":29,"s:280:17:280:19":30,"s:281:10:281:11":31,"s:283:19:287:4":32,"b:289:2:293:3:undefined:undefined:undefined:undefined":9,"s:289:2:293:3":33,"s:290:14:290:65":34,"b:290:45:290:52:290:55:290:65":10,"s:291:4:291:39":35,"s:292:4:292:19":36,"b:294:2:298:3:undefined:undefined:undefined:undefined":11,"s:294:2:298:3":37,"s:295:16:295:58":38,"s:296:4:296:101":39,"s:297:4:297:21":40,"b:299:2:302:3:undefined:undefined:undefined:undefined":12,"s:299:2:302:3":41,"s:300:4:300:62":42,"s:301:4:301:57":43,"b:303:2:303:91:undefined:undefined:undefined:undefined":13,"s:303:2:303:91":44,"s:303:27:303:61":45,"s:303:62:303:89":46,"b:304:2:304:91:undefined:undefined:undefined:undefined":14,"s:304:2:304:91":47,"s:304:27:304:61":48,"s:304:62:304:89":49,"b:305:2:305:98:undefined:undefined:undefined:undefined":15,"s:305:2:305:98":50,"s:305:29:305:66":51,"s:305:67:305:96":52,"b:306:2:306:98:undefined:undefined:undefined:undefined":16,"s:306:2:306:98":53,"s:306:29:306:66":54,"s:306:67:306:96":55,"b:307:2:307:96:undefined:undefined:undefined:undefined":17,"s:307:2:307:96":56,"s:307:27:307:66":57,"s:307:67:307:94":58,"b:308:2:308:96:undefined:undefined:undefined:undefined":18,"s:308:2:308:96":59,"s:308:27:308:66":60,"s:308:67:308:94":61,"b:309:2:313:3:undefined:undefined:undefined:undefined":19,"s:309:2:313:3":62,"s:310:4:310:109":63,"s:311:4:311:53":64,"s:312:4:312:8":65,"s:315:16:315:70":66,"b:315:33:315:65:315:68:315:70":20,"s:316:15:316:42":67,"b:316:27:316:36:316:40:316:41":21,"s:317:19:317:65":68,"b:317:44:317:57:317:61:317:63":22,"s:318:18:323:3":69,"s:324:18:324:57":70,"b:324:18:324:36:324:40:324:57":23,"s:326:19:326:148":71,"s:327:19:327:64":72,"s:328:16:328:52":73,"b:328:23:328:46:328:50:328:51":24,"s:329:21:329:61":74,"s:330:19:330:45":75,"s:331:17:331:42":76,"s:333:2:333:32":77,"s:334:18:352:3":78,"s:353:14:353:58":79,"s:355:2:380:4":80,"f:356:23:356:24":8,"s:357:17:357:23":81,"s:358:20:358:33":82,"b:358:20:358:27:358:31:358:33":25,"s:359:20:359:35":83,"s:360:22:360:66":84,"b:360:42:360:46:360:49:360:66":26,"b:362:6:364:7:undefined:undefined:undefined:undefined":27,"s:362:6:364:7":85,"b:362:10:362:26:362:30:362:86:362:90:362:103":28,"s:363:8:363:26":86,"s:365:6:377:8":87,"b:368:58:368:85:368:88:368:92":29,"b:368:20:368:27:368:31:368:42:368:46:368:55":30,"b:369:33:369:37:369:40:369:55":31,"b:370:14:370:20:370:24:370:28":32,"b:373:15:373:22:373:26:373:44":33,"b:375:29:375:33:375:36:375:49":34,"b:376:29:376:33:376:36:376:49":35,"b:379:63:379:72:379:76:379:87":36,"f:383:15:383:31":9,"s:384:13:384:28":88,"b:385:2:385:71:undefined:undefined:undefined:undefined":37,"s:385:2:385:71":89,"b:385:6:385:26:385:30:385:37":38,"s:385:39:385:71":90,"s:387:18:406:3":91,"s:407:14:407:56":92,"b:408:2:408:64:undefined:undefined:undefined:undefined":39,"s:408:2:408:64":93,"s:408:24:408:64":94,"s:410:26:413:4":95,"f:411:191:411:192":10,"s:411:197:411:201":96,"f:412:172:412:173":11,"s:412:178:412:182":97,"s:415:12:415:23":98,"s:416:13:416:19":99,"s:417:16:417:29":100,"b:417:16:417:23:417:27:417:29":40,"b:418:2:420:3:undefined:undefined:undefined:undefined":41,"s:418:2:420:3":101,"b:418:6:418:22:418:26:418:82:418:86:418:109":42,"s:419:4:419:22":102,"s:422:17:422:75":103,"b:422:18:422:30:422:34:422:36":43,"f:422:42:422:43":12,"s:422:47:422:58":104,"b:423:2:423:54:undefined:undefined:undefined:undefined":44,"s:423:2:423:54":105,"s:423:22:423:54":106,"s:425:19:425:21":107,"b:426:2:426:85:undefined:undefined:undefined:undefined":45,"s:426:2:426:85":108,"b:426:7:426:14:426:18:426:20":46,"s:426:58:426:85":109,"b:427:2:427:132:undefined:undefined:undefined:undefined":47,"s:427:2:427:132":110,"b:427:6:427:58:427:62:427:108":48,"b:427:7:427:20:427:24:427:26":49,"b:427:63:427:70:427:74:427:76":50,"s:427:110:427:132":111,"b:428:2:428:105:undefined:undefined:undefined:undefined":51,"s:428:2:428:105":112,"f:428:24:428:25":13,"s:428:29:428:77":113,"s:428:80:428:105":114,"b:429:2:429:101:undefined:undefined:undefined:undefined":52,"s:429:2:429:101":115,"f:429:24:429:25":14,"s:429:29:429:76":116,"s:429:79:429:101":117,"s:431:16:431:31":118,"s:432:18:432:62":119,"b:432:38:432:42:432:45:432:62":53,"s:433:2:450:4":120,"b:435:54:435:81:435:84:435:88":54,"b:435:16:435:23:435:27:435:38:435:42:435:51":55,"b:437:29:437:33:437:36:437:51":56,"b:438:35:438:39:438:42:438:60":57,"b:439:37:439:41:439:44:439:63":58,"b:440:10:440:16:440:20:440:24":59,"b:442:16:442:29:442:33:442:37":60,"b:446:25:446:29:446:32:446:45":61,"b:447:25:447:29:447:32:447:45":62,"b:449:17:449:28:449:32:449:34":63,"f:449:40:449:41":15,"s:449:45:449:50":121,"f:453:15:453:37":16,"s:454:15:454:45":122,"b:454:22:454:31:454:35:454:37":64,"s:455:19:455:53":123,"b:455:26:455:39:455:43:455:45":65,"s:456:18:456:38":124,"s:457:16:457:58":125,"b:457:16:457:47:457:51:457:58":66,"b:457:23:457:33:457:37:457:39":67,"s:458:17:463:3":126,"b:459:14:459:48:459:52:459:56":68,"b:459:21:459:34:459:38:459:40":69,"b:460:10:460:40:460:44:460:48":70,"b:460:17:460:26:460:30:460:32":71,"b:461:11:461:42:461:46:461:50":72,"b:461:18:461:28:461:32:461:34":73,"b:465:2:465:108:undefined:undefined:undefined:undefined":74,"s:465:2:465:108":127,"b:465:6:465:11:465:15:465:52":75,"s:465:54:465:108":128,"b:466:2:466:53:undefined:undefined:undefined:undefined":76,"s:466:2:466:53":129,"s:466:17:466:53":130,"b:467:2:467:86:undefined:undefined:undefined:undefined":77,"s:467:2:467:86":131,"b:467:6:467:31:467:35:467:47":78,"s:467:49:467:86":132,"s:469:14:471:4":133,"s:472:14:472:35":134,"s:473:12:473:59":135,"b:473:38:473:53:473:56:473:59":79,"b:474:2:474:56:undefined:undefined:undefined:undefined":80,"s:474:2:474:56":136,"s:474:10:474:56":137,"s:476:2:487:4":138,"b:477:27:477:50:477:54:477:59":81,"b:478:14:478:24:478:28:478:36":82,"b:479:10:479:16:479:20:479:24":83,"b:480:20:480:36:480:40:480:59":84,"b:481:19:481:34:481:38:481:42":85,"b:482:22:482:40:482:44:482:48":86,"b:483:24:483:44:483:48:483:52":87,"b:484:22:484:40:484:44:484:48":88,"b:485:17:485:30:485:34:485:35":89,"b:486:26:486:48:486:52:486:56":90,"f:490:15:490:33":17,"s:491:17:491:52":139,"b:491:24:491:35:491:39:491:44":91,"s:492:17:492:69":140,"b:492:42:492:61:492:65:492:67":92,"s:493:17:493:25":141,"s:494:18:494:20":142,"b:495:2:495:81:undefined:undefined:undefined:undefined":93,"s:495:2:495:81":143,"s:495:26:495:46":144,"s:495:47:495:79":145,"s:497:14:545:3":146,"s:546:14:546:54":147,"s:547:2:556:4":148,"f:548:23:548:24":18,"s:548:29:555:5":149,"b:550:28:550:45:550:49:550:50":94,"b:551:30:551:49:551:53:551:54":95,"b:552:28:552:44:552:48:552:49":96,"b:553:30:553:48:553:52:553:53":97,"b:554:27:554:42:554:46:554:47":98,"f:559:15:559:34":19,"s:560:17:560:19":150,"s:561:14:561:123":151,"b:562:2:566:3:undefined:undefined:undefined:undefined":99,"s:562:2:566:3":152,"s:563:14:563:65":153,"b:563:45:563:52:563:55:563:65":100,"s:564:4:564:34":154,"s:565:4:565:19":155,"s:567:14:585:3":156,"s:586:14:586:54":157,"s:587:2:594:8":158,"f:587:30:587:31":20,"s:587:36:594:3":159,"b:589:24:589:39:589:43:589:44":101,"b:590:22:590:34:590:38:590:39":102,"b:592:20:592:30:592:34:592:35":103,"b:593:20:593:30:593:34:593:35":104,"f:597:15:597:34":21,"s:598:14:606:22":160,"s:607:14:607:46":161,"s:608:2:608:28":162,"f:611:15:611:31":22,"s:612:14:619:19":163,"s:620:14:620:46":164,"s:621:2:621:46":165,"f:621:30:621:31":23,"s:621:35:621:42":166,"f:624:15:624:31":24,"s:625:15:625:45":167,"b:625:22:625:31:625:35:625:37":105,"s:626:16:626:47":168,"b:626:23:626:33:626:37:626:39":106,"b:627:2:627:96:undefined:undefined:undefined:undefined":107,"s:627:2:627:96":169,"b:627:6:627:21:627:25:627:42":108,"s:627:44:627:96":170,"b:628:2:628:102:undefined:undefined:undefined:undefined":109,"s:628:2:628:102":171,"b:628:6:628:22:628:26:628:43":110,"s:628:45:628:102":172,"s:630:17:630:52":173,"b:630:24:630:35:630:39:630:44":111,"s:631:20:631:78":174,"b:631:49:631:71:631:74:631:78":112,"s:633:14:636:3":175,"s:637:2:637:70":176,"f:642:15:642:35":25,"s:643:2:648:3":177,"s:644:19:644:68":178,"s:645:4:645:18":179,"s:647:4:647:34":180,"f:651:15:651:38":26,"s:652:2:657:3":181,"s:653:19:653:71":182,"s:654:4:654:18":183,"s:656:4:656:34":184,"f:660:15:660:38":27,"s:661:2:666:3":185,"s:662:19:662:56":186,"s:663:4:663:18":187,"s:665:4:665:34":188,"f:669:15:669:35":28,"s:670:2:675:3":189,"s:671:19:671:68":190,"s:672:4:672:18":191,"s:674:4:674:34":192,"f:678:15:678:41":29,"s:679:2:684:3":193,"s:680:19:680:68":194,"s:681:4:681:18":195,"s:683:4:683:34":196,"f:687:15:687:42":30,"s:688:2:693:3":197,"s:689:19:689:75":198,"s:690:4:690:18":199,"s:692:4:692:34":200,"f:696:15:696:42":31,"s:697:2:702:3":201,"s:698:19:698:75":202,"s:699:4:699:18":203,"s:701:4:701:34":204,"f:705:15:705:33":32,"s:706:2:711:3":205,"s:707:19:707:66":206,"s:708:4:708:18":207,"s:710:4:710:34":208,"f:714:15:714:41":33,"s:715:2:720:3":209,"s:716:19:716:74":210,"s:717:4:717:18":211,"s:719:4:719:34":212,"s:725:17:743:1":213,"f:745:15:745:28":34,"s:746:33:746:36":214,"b:748:2:759:3:undefined:undefined:undefined:undefined":113,"s:748:2:759:3":215,"s:749:26:749:49":216,"s:750:20:750:92":217,"b:750:65:750:78:750:81:750:92":114,"s:751:4:758:6":218,"b:761:2:761:58:undefined:undefined:undefined:undefined":115,"s:761:2:761:58":219,"s:761:46:761:58":220,"b:763:2:765:3:undefined:undefined:undefined:undefined":116,"s:763:2:765:3":221,"s:764:4:764:60":222,"b:767:2:819:3:undefined:undefined:undefined:undefined":117,"s:767:2:819:3":223,"s:768:21:768:33":224,"s:769:17:769:40":225,"b:769:17:769:34:769:38:769:40":118,"s:770:20:770:38":226,"b:772:4:777:5:undefined:undefined:undefined:undefined":119,"s:772:4:777:5":227,"s:773:6:776:8":228,"s:779:4:818:5":229,"s:780:21:780:40":230,"s:781:23:781:37":231,"s:782:20:782:22":232,"b:783:6:800:7:785:13:800:7":120,"s:783:6:800:7":233,"s:784:8:784:31":234,"b:785:13:800:7:787:13:800:7":121,"s:785:13:800:7":235,"b:785:17:785:35:785:39:785:72":122,"s:786:8:786:203":236,"b:786:70:786:87:786:91:786:94":123,"b:786:99:786:122:786:126:786:129":124,"b:786:141:786:163:786:167:786:168":125,"b:787:13:800:7:790:13:800:7":126,"s:787:13:800:7":237,"b:787:17:787:28:787:32:787:58":127,"s:788:8:788:64":238,"b:789:8:789:120:undefined:undefined:undefined:undefined":128,"s:789:8:789:120":239,"s:789:25:789:120":240,"b:790:13:800:7:792:13:800:7":129,"s:790:13:800:7":241,"b:790:17:790:28:790:32:790:59":130,"s:791:8:791:96":242,"b:791:52:791:73:791:76:791:95":131,"b:792:13:800:7:794:13:800:7":132,"s:792:13:800:7":243,"s:793:8:793:168":244,"b:793:74:793:99:793:103:793:104":133,"b:794:13:800:7:796:13:800:7":134,"s:794:13:800:7":245,"s:795:8:795:56":246,"b:795:18:795:32:795:36:795:55":135,"b:796:13:800:7:798:13:800:7":136,"s:796:13:800:7":247,"s:797:8:797:72":248,"b:797:44:797:56:797:60:797:62":137,"s:799:8:799:40":249,"s:801:6:808:8":250,"s:810:6:810:20":251,"s:811:6:817:8":252,"s:821:2:824:4":253,"f:827:15:827:22":35,"b:828:2:828:46:undefined:undefined:undefined:undefined":138,"s:828:2:828:46":254,"s:828:12:828:44":255,"s:828:18:828:33":256,"s:831:0:839:2":257},"fnNames":{}}}
}
